#
# A fatal error has been detected by the Java Runtime Environment:
#
#  SIGSEGV (0xb) at pc=0x00000001031cc2f0, pid=7440, tid=17411
#
# JRE version: Java(TM) SE Runtime Environment (8.0_05-b13) (build 1.8.0_05-b13)
# Java VM: Java HotSpot(TM) 64-Bit Server VM (25.5-b02 mixed mode bsd-amd64 compressed oops)
# Problematic frame:
# V  [libjvm.dylib+0xd02f0]
#
# Failed to write core dump. Core dumps have been disabled. To enable core dumping, try "ulimit -c unlimited" before starting Java again
#
# If you would like to submit a bug report, please visit:
#   http://bugreport.sun.com/bugreport/crash.jsp
#

---------------  T H R E A D  ---------------

Current thread (0x00007fa4028f1800):  JavaThread "C2 CompilerThread0" daemon [_thread_in_native, id=17411, stack(0x00000001172f3000,0x00000001173f3000)]

siginfo:si_signo=SIGSEGV: si_errno=0, si_code=1 (SEGV_MAPERR), si_addr=0x0000000000000000

Registers:
RAX=0x00007fa403bcbfc8, RBX=0x00007fa403e9aed8, RCX=0x0000000000000000, RDX=0x0000000000000008
RSP=0x00000001173ef870, RBP=0x00000001173ef8e0, RSI=0x000000000000001c, RDI=0x0000000000000000
R8 =0x00007fa4048575b0, R9 =0x00007fa403a65d10, R10=0x000000000000007b, R11=0x00007fa403bcbfc8
R12=0x0000000000000000, R13=0x0000000000000013, R14=0x00007fa403e9aed8, R15=0x00000000000000c0
RIP=0x00000001031cc2f0, EFLAGS=0x0000000000010206, ERR=0x0000000000000004
  TRAPNO=0x000000000000000e

Top of Stack: (sp=0x00000001173ef870)
0x00000001173ef870:   00000001173ef8e0 00000000000000da
0x00000001173ef880:   00007fa4048575b0 00007fa403ea9790
0x00000001173ef890:   00007fa403bcc6a0 0000001c00000008
0x00000001173ef8a0:   00000001173f0550 00007fa403bcc6d0
0x00000001173ef8b0:   00000000000000b8 00007fa403bcc6a0
0x00000001173ef8c0:   0000000000000012 0000000000000013
0x00000001173ef8d0:   00007fa403e9aed8 00007fa403bcffff
0x00000001173ef8e0:   00000001173ef940 00000001031cc00d
0x00000001173ef8f0:   00000001173ef940 000000da173f1fd0
0x00000001173ef900:   00007fa4048531c0 0000000a03bcbfc0
0x00000001173ef910:   00000001173f0550 00007fa403a66490
0x00000001173ef920:   00007fa403bcc6a0 0000000000000004
0x00000001173ef930:   00007fa403bc91b0 00007fa403bcbdd0
0x00000001173ef940:   00000001173efa40 00000001031ccf3b
0x00000001173ef950:   0000000001188000 0000000000000007
0x00000001173ef960:   0000000000000007 00007fa40485528c
0x00000001173ef970:   00000000000000da 000000000000001c
0x00000001173ef980:   00007fa40485528c 00007fa401d2fac0
0x00000001173ef990:   00000001173f1fd0 0000000000000007
0x00000001173ef9a0:   00007fa40485528c 0000000000000007
0x00000001173ef9b0:   ffffffffffffffff 00000001173f0680
0x00000001173ef9c0:   00007fa403a66d10 00007fa4048531c0
0x00000001173ef9d0:   00000000000006d0 00000000000001b4
0x00000001173ef9e0:   0000000000000000 0000000100000080
0x00000001173ef9f0:   00007fa401d2fac0 00007fa404855890
0x00000001173efa00:   00007fa400000004 0000000000000014
0x00000001173efa10:   0000000000000000 00000001173f1fd0
0x00000001173efa20:   00000001173f0680 00000000000009b2
0x00000001173efa30:   00007fa404850010 00000001173f2798
0x00000001173efa40:   00000001173efa90 00000001035477d8
0x00000001173efa50:   00007fa403e9a4b8 00007fa403a607a0
0x00000001173efa60:   00000001173f2140 00000001173f1fd0 

Instructions: (pc=0x00000001031cc2f0)
0x00000001031cc2d0:   00 00 44 89 ff 8b 75 bc 8b 55 b8 e8 fa 0c 00 00
0x00000001031cc2e0:   48 89 45 d0 48 8b 45 b0 48 8b 40 08 4e 8b 24 f8
0x00000001031cc2f0:   49 8b 04 24 4c 89 e7 ff 50 28 48 63 48 10 48 89
0x00000001031cc300:   ca 48 c1 e2 05 48 8d 35 74 8a 6f 00 80 7c 16 10 

Register to memory mapping:

RAX=0x00007fa403bcbfc8 is an unknown value
RBX=0x00007fa403e9aed8 is an unknown value
RCX=0x0000000000000000 is an unknown value
RDX=0x0000000000000008 is an unknown value
RSP=0x00000001173ef870 is pointing into the stack for thread: 0x00007fa4028f1800
RBP=0x00000001173ef8e0 is pointing into the stack for thread: 0x00007fa4028f1800
RSI=0x000000000000001c is an unknown value
RDI=0x0000000000000000 is an unknown value
R8 =0x00007fa4048575b0 is an unknown value
R9 =0x00007fa403a65d10 is an unknown value
R10=0x000000000000007b is an unknown value
R11=0x00007fa403bcbfc8 is an unknown value
R12=0x0000000000000000 is an unknown value
R13=0x0000000000000013 is an unknown value
R14=0x00007fa403e9aed8 is an unknown value
R15=0x00000000000000c0 is an unknown value


Stack: [0x00000001172f3000,0x00000001173f3000],  sp=0x00000001173ef870,  free space=1010k
Native frames: (J=compiled Java code, j=interpreted, Vv=VM code, C=native code)
V  [libjvm.dylib+0xd02f0]
V  [libjvm.dylib+0xd000d]
V  [libjvm.dylib+0xd0f3b]
V  [libjvm.dylib+0x44b7d8]
V  [libjvm.dylib+0x19d040]
V  [libjvm.dylib+0x1a0a7b]
V  [libjvm.dylib+0x143eb2]
V  [libjvm.dylib+0x1a431c]
V  [libjvm.dylib+0x1a642b]
V  [libjvm.dylib+0x51ccf5]
V  [libjvm.dylib+0x51e432]
V  [libjvm.dylib+0x445426]
C  [libsystem_pthread.dylib+0x1899]  _pthread_body+0x8a
C  [libsystem_pthread.dylib+0x172a]  _pthread_struct_init+0x0
C  [libsystem_pthread.dylib+0x5fc9]  thread_start+0xd


Current CompileTask:
C2:  57275 6149       4       groovy.lang.MetaClassImpl::findPropertyMethod (356 bytes)


---------------  P R O C E S S  ---------------

Java Threads: ( => current thread )
  0x00007fa404a27000 JavaThread "net.sf.ehcache.CacheManager@5b224f7b" daemon [_thread_blocked, id=23047, stack(0x000000011b5a2000,0x000000011b6a2000)]
  0x00007fa403934000 JavaThread "PoolCleaner[2068156417:1411672082314]" daemon [_thread_blocked, id=22791, stack(0x000000011a161000,0x000000011a261000)]
  0x00007fa402a29800 JavaThread "FileSystemWatcher: files=#155 cl=groovy.lang.GroovyClassLoader@7b459001" daemon [_thread_blocked, id=22275, stack(0x000000011992d000,0x0000000119a2d000)]
  0x00007fa402d6b800 JavaThread "Thread-4" daemon [_thread_in_native, id=21763, stack(0x0000000119303000,0x0000000119403000)]
  0x00007fa403c2f000 JavaThread "localhost-startStop-1" daemon [_thread_in_native, id=21251, stack(0x0000000118f01000,0x0000000119001000)]
  0x00007fa4032fd800 JavaThread "Tomcat-startStop-1" daemon [_thread_blocked, id=13063, stack(0x00000001186e2000,0x00000001187e2000)]
  0x00007fa403353800 JavaThread "Thread-3" [_thread_in_native, id=14603, stack(0x00000001185df000,0x00000001186df000)]
  0x00007fa40270c800 JavaThread "Thread-2" [_thread_blocked, id=20483, stack(0x0000000117813000,0x0000000117913000)]
  0x00007fa40206e800 JavaThread "NonBlockingInputStreamThread" daemon [_thread_blocked, id=19971, stack(0x0000000117cc3000,0x0000000117dc3000)]
  0x00007fa402b98800 JavaThread "process reaper" daemon [_thread_blocked, id=19459, stack(0x0000000117c98000,0x0000000117cc0000)]
  0x00007fa4028f5000 JavaThread "Service Thread" daemon [_thread_blocked, id=18435, stack(0x00000001174f9000,0x00000001175f9000)]
  0x00007fa4028f2000 JavaThread "C1 CompilerThread1" daemon [_thread_blocked, id=17923, stack(0x00000001173f6000,0x00000001174f6000)]
=>0x00007fa4028f1800 JavaThread "C2 CompilerThread0" daemon [_thread_in_native, id=17411, stack(0x00000001172f3000,0x00000001173f3000)]
  0x00007fa402048800 JavaThread "Signal Dispatcher" daemon [_thread_blocked, id=16899, stack(0x0000000117010000,0x0000000117110000)]
  0x00007fa402866800 JavaThread "Finalizer" daemon [_thread_blocked, id=12035, stack(0x0000000116dd6000,0x0000000116ed6000)]
  0x00007fa402013000 JavaThread "Reference Handler" daemon [_thread_blocked, id=11523, stack(0x0000000116cd3000,0x0000000116dd3000)]
  0x00007fa402807000 JavaThread "main" [_thread_blocked, id=4867, stack(0x0000000103fbd000,0x00000001040bd000)]

Other Threads:
  0x00007fa402860000 VMThread [stack: 0x0000000116bd0000,0x0000000116cd0000] [id=11011]
  0x00007fa4020bd800 WatcherThread [stack: 0x00000001175fc000,0x00000001176fc000] [id=18947]

VM state:not at safepoint (normal execution)

VM Mutex/Monitor currently owned by a thread: None

Heap:
 PSYoungGen      total 222720K, used 198298K [0x00000007b0000000, 0x00000007c0000000, 0x00000007c0000000)
  eden space 183296K, 86% used [0x00000007b0000000,0x00000007b9b271d8,0x00000007bb300000)
  from space 39424K, 99% used [0x00000007bb300000,0x00000007bd97f820,0x00000007bd980000)
  to   space 39424K, 0% used [0x00000007bd980000,0x00000007bd980000,0x00000007c0000000)
 ParOldGen       total 96768K, used 80937K [0x0000000790000000, 0x0000000795e80000, 0x00000007b0000000)
  object space 96768K, 83% used [0x0000000790000000,0x0000000794f0a5a8,0x0000000795e80000)
 Metaspace       used 63006K, capacity 64512K, committed 64768K, reserved 1107968K
  class space    used 6674K, capacity 7142K, committed 7168K, reserved 1048576K

Card table byte_map: [0x00000001139c0000,0x0000000113b41000] byte_map_base: 0x000000010fd40000

Marking Bits: (ParMarkBitMap*) 0x00000001039620a0
 Begin Bits: [0x0000000113e47000, 0x0000000114a47000)
 End Bits:   [0x0000000114a47000, 0x0000000115647000)

Polling page: 0x0000000104101000

CodeCache: size=245760Kb used=17959Kb max_used=17959Kb free=227800Kb
 bounds [0x0000000104600000, 0x00000001057a0000, 0x0000000113600000]
 total_blobs=6242 nmethods=5501 adapters=653
 compilation: enabled

Compilation events (10 events):
Event: 56.737 Thread 0x00007fa4028f1800 nmethod 6134 0x00000001054f1190 code [0x00000001054f1380, 0x00000001054f1da8]
Event: 56.737 Thread 0x00007fa4028f1800 6145       4       java.util.regex.Matcher::search (109 bytes)
Event: 56.739 Thread 0x00007fa4028f2000 6220       2       org.codehaus.groovy.runtime.callsite.CallSiteGenerator::isCompilable (39 bytes)
Event: 56.739 Thread 0x00007fa4028f2000 nmethod 6220 0x00000001054f5d90 code [0x00000001054f5f00, 0x00000001054f60a8]
Event: 56.743 Thread 0x00007fa4028f1800 nmethod 6145 0x00000001054f0ad0 code [0x00000001054f0c40, 0x00000001054f0f38]
Event: 56.743 Thread 0x00007fa4028f1800 6128       4       org.codehaus.groovy.runtime.metaclass.MetaMethodIndex::isMatchingMethod (68 bytes)
Event: 56.746 Thread 0x00007fa4028f1800 nmethod 6128 0x00000001054f2b90 code [0x00000001054f2ce0, 0x00000001054f2e38]
Event: 56.746 Thread 0x00007fa4028f1800 6149       4       groovy.lang.MetaClassImpl::findPropertyMethod (356 bytes)
Event: 56.750 Thread 0x00007fa4028f2000 6221       2       org.codehaus.groovy.runtime.callsite.AbstractCallSite::callCurrent (7 bytes)
Event: 56.751 Thread 0x00007fa4028f2000 nmethod 6221 0x00000001054f5910 code [0x00000001054f5a80, 0x00000001054f5c58]

GC Heap History (10 events):
Event: 49.647 GC heap before
{Heap before GC invocations=61 (full 6):
 PSYoungGen      total 224768K, used 195888K [0x00000007b0000000, 0x00000007bfa80000, 0x00000007c0000000)
  eden space 192512K, 97% used [0x00000007b0000000,0x00000007bb6b4168,0x00000007bbc00000)
  from space 32256K, 27% used [0x00000007bdb00000,0x00000007be398000,0x00000007bfa80000)
  to   space 31744K, 0% used [0x00000007bbc00000,0x00000007bbc00000,0x00000007bdb00000)
 ParOldGen       total 96768K, used 78457K [0x0000000790000000, 0x0000000795e80000, 0x00000007b0000000)
  object space 96768K, 81% used [0x0000000790000000,0x0000000794c9e7d0,0x0000000795e80000)
 Metaspace       used 56812K, capacity 58120K, committed 58496K, reserved 1101824K
  class space    used 5876K, capacity 6266K, committed 6272K, reserved 1048576K
Event: 49.691 GC heap after
Heap after GC invocations=61 (full 6):
 PSYoungGen      total 224256K, used 15369K [0x00000007b0000000, 0x00000007bfe80000, 0x00000007c0000000)
  eden space 192512K, 0% used [0x00000007b0000000,0x00000007b0000000,0x00000007bbc00000)
  from space 31744K, 48% used [0x00000007bbc00000,0x00000007bcb024f0,0x00000007bdb00000)
  to   space 31232K, 0% used [0x00000007be000000,0x00000007be000000,0x00000007bfe80000)
 ParOldGen       total 96768K, used 78465K [0x0000000790000000, 0x0000000795e80000, 0x00000007b0000000)
  object space 96768K, 81% used [0x0000000790000000,0x0000000794ca07d0,0x0000000795e80000)
 Metaspace       used 56812K, capacity 58120K, committed 58496K, reserved 1101824K
  class space    used 5876K, capacity 6266K, committed 6272K, reserved 1048576K
}
Event: 51.027 GC heap before
{Heap before GC invocations=62 (full 6):
 PSYoungGen      total 224256K, used 207881K [0x00000007b0000000, 0x00000007bfe80000, 0x00000007c0000000)
  eden space 192512K, 100% used [0x00000007b0000000,0x00000007bbc00000,0x00000007bbc00000)
  from space 31744K, 48% used [0x00000007bbc00000,0x00000007bcb024f0,0x00000007bdb00000)
  to   space 31232K, 0% used [0x00000007be000000,0x00000007be000000,0x00000007bfe80000)
 ParOldGen       total 96768K, used 78465K [0x0000000790000000, 0x0000000795e80000, 0x00000007b0000000)
  object space 96768K, 81% used [0x0000000790000000,0x0000000794ca07d0,0x0000000795e80000)
 Metaspace       used 57854K, capacity 59180K, committed 59392K, reserved 1101824K
  class space    used 6006K, capacity 6400K, committed 6400K, reserved 1048576K
Event: 51.117 GC heap after
Heap after GC invocations=62 (full 6):
 PSYoungGen      total 228864K, used 17595K [0x00000007b0000000, 0x00000007c0000000, 0x00000007c0000000)
  eden space 197632K, 0% used [0x00000007b0000000,0x00000007b0000000,0x00000007bc100000)
  from space 31232K, 56% used [0x00000007be000000,0x00000007bf12eed0,0x00000007bfe80000)
  to   space 31744K, 0% used [0x00000007bc100000,0x00000007bc100000,0x00000007be000000)
 ParOldGen       total 96768K, used 78473K [0x0000000790000000, 0x0000000795e80000, 0x00000007b0000000)
  object space 96768K, 81% used [0x0000000790000000,0x0000000794ca27d0,0x0000000795e80000)
 Metaspace       used 57854K, capacity 59180K, committed 59392K, reserved 1101824K
  class space    used 6006K, capacity 6400K, committed 6400K, reserved 1048576K
}
Event: 52.329 GC heap before
{Heap before GC invocations=63 (full 6):
 PSYoungGen      total 228864K, used 215227K [0x00000007b0000000, 0x00000007c0000000, 0x00000007c0000000)
  eden space 197632K, 100% used [0x00000007b0000000,0x00000007bc100000,0x00000007bc100000)
  from space 31232K, 56% used [0x00000007be000000,0x00000007bf12eed0,0x00000007bfe80000)
  to   space 31744K, 0% used [0x00000007bc100000,0x00000007bc100000,0x00000007be000000)
 ParOldGen       total 96768K, used 78473K [0x0000000790000000, 0x0000000795e80000, 0x00000007b0000000)
  object space 96768K, 81% used [0x0000000790000000,0x0000000794ca27d0,0x0000000795e80000)
 Metaspace       used 58766K, capacity 60110K, committed 60544K, reserved 1103872K
  class space    used 6122K, capacity 6508K, committed 6528K, reserved 1048576K
Event: 52.384 GC heap after
Heap after GC invocations=63 (full 6):
 PSYoungGen      total 221184K, used 23481K [0x00000007b0000000, 0x00000007c0000000, 0x00000007c0000000)
  eden space 197632K, 0% used [0x00000007b0000000,0x00000007b0000000,0x00000007bc100000)
  from space 23552K, 99% used [0x00000007bc100000,0x00000007bd7ee540,0x00000007bd800000)
  to   space 34304K, 0% used [0x00000007bde80000,0x00000007bde80000,0x00000007c0000000)
 ParOldGen       total 96768K, used 78481K [0x0000000790000000, 0x0000000795e80000, 0x00000007b0000000)
  object space 96768K, 81% used [0x0000000790000000,0x0000000794ca47d0,0x0000000795e80000)
 Metaspace       used 58766K, capacity 60110K, committed 60544K, reserved 1103872K
  class space    used 6122K, capacity 6508K, committed 6528K, reserved 1048576K
}
Event: 53.887 GC heap before
{Heap before GC invocations=64 (full 6):
 PSYoungGen      total 221184K, used 221113K [0x00000007b0000000, 0x00000007c0000000, 0x00000007c0000000)
  eden space 197632K, 100% used [0x00000007b0000000,0x00000007bc100000,0x00000007bc100000)
  from space 23552K, 99% used [0x00000007bc100000,0x00000007bd7ee540,0x00000007bd800000)
  to   space 34304K, 0% used [0x00000007bde80000,0x00000007bde80000,0x00000007c0000000)
 ParOldGen       total 96768K, used 78481K [0x0000000790000000, 0x0000000795e80000, 0x00000007b0000000)
  object space 96768K, 81% used [0x0000000790000000,0x0000000794ca47d0,0x0000000795e80000)
 Metaspace       used 60360K, capacity 61716K, committed 62080K, reserved 1103872K
  class space    used 6268K, capacity 6678K, committed 6784K, reserved 1048576K
Event: 54.003 GC heap after
Heap after GC invocations=64 (full 6):
 PSYoungGen      total 217600K, used 32623K [0x00000007b0000000, 0x00000007c0000000, 0x00000007c0000000)
  eden space 183296K, 0% used [0x00000007b0000000,0x00000007b0000000,0x00000007bb300000)
  from space 34304K, 95% used [0x00000007bde80000,0x00000007bfe5bc80,0x00000007c0000000)
  to   space 39424K, 0% used [0x00000007bb300000,0x00000007bb300000,0x00000007bd980000)
 ParOldGen       total 96768K, used 78489K [0x0000000790000000, 0x0000000795e80000, 0x00000007b0000000)
  object space 96768K, 81% used [0x0000000790000000,0x0000000794ca67d0,0x0000000795e80000)
 Metaspace       used 60360K, capacity 61716K, committed 62080K, reserved 1103872K
  class space    used 6268K, capacity 6678K, committed 6784K, reserved 1048576K
}
Event: 55.797 GC heap before
{Heap before GC invocations=65 (full 6):
 PSYoungGen      total 217600K, used 215919K [0x00000007b0000000, 0x00000007c0000000, 0x00000007c0000000)
  eden space 183296K, 100% used [0x00000007b0000000,0x00000007bb300000,0x00000007bb300000)
  from space 34304K, 95% used [0x00000007bde80000,0x00000007bfe5bc80,0x00000007c0000000)
  to   space 39424K, 0% used [0x00000007bb300000,0x00000007bb300000,0x00000007bd980000)
 ParOldGen       total 96768K, used 78489K [0x0000000790000000, 0x0000000795e80000, 0x00000007b0000000)
  object space 96768K, 81% used [0x0000000790000000,0x0000000794ca67d0,0x0000000795e80000)
 Metaspace       used 62027K, capacity 63434K, committed 63872K, reserved 1105920K
  class space    used 6506K, capacity 6943K, committed 7040K, reserved 1048576K
Event: 55.883 GC heap after
Heap after GC invocations=65 (full 6):
 PSYoungGen      total 222720K, used 39422K [0x00000007b0000000, 0x00000007c0000000, 0x00000007c0000000)
  eden space 183296K, 0% used [0x00000007b0000000,0x00000007b0000000,0x00000007bb300000)
  from space 39424K, 99% used [0x00000007bb300000,0x00000007bd97f820,0x00000007bd980000)
  to   space 39424K, 0% used [0x00000007bd980000,0x00000007bd980000,0x00000007c0000000)
 ParOldGen       total 96768K, used 80937K [0x0000000790000000, 0x0000000795e80000, 0x00000007b0000000)
  object space 96768K, 83% used [0x0000000790000000,0x0000000794f0a5a8,0x0000000795e80000)
 Metaspace       used 62027K, capacity 63434K, committed 63872K, reserved 1105920K
  class space    used 6506K, capacity 6943K, committed 7040K, reserved 1048576K
}

Deoptimization events (10 events):
Event: 50.566 Thread 0x00007fa403c2f000 Uncommon trap: reason=class_check action=maybe_recompile pc=0x00000001050567f8 method=java.util.regex.Matcher.search(I)Z @ 86
Event: 50.566 Thread 0x00007fa403c2f000 Uncommon trap: reason=class_check action=maybe_recompile pc=0x00000001050567f8 method=java.util.regex.Matcher.search(I)Z @ 86
Event: 50.656 Thread 0x00007fa403c2f000 Uncommon trap: reason=null_assert action=make_not_entrant pc=0x0000000104e86b68 method=java.util.concurrent.ConcurrentHashMap.putVal(Ljava/lang/Object;Ljava/lang/Object;Z)Ljava/lang/Object; @ 264
Event: 51.305 Thread 0x00007fa403c2f000 Uncommon trap: reason=class_check action=maybe_recompile pc=0x00000001053dd28c method=org.springframework.core.ResolvableType.getSource()Ljava/lang/Object; @ 11
Event: 51.305 Thread 0x00007fa403c2f000 Uncommon trap: reason=class_check action=maybe_recompile pc=0x00000001053dd28c method=org.springframework.core.ResolvableType.getSource()Ljava/lang/Object; @ 11
Event: 51.316 Thread 0x00007fa403c2f000 Uncommon trap: reason=class_check action=maybe_recompile pc=0x00000001053dd26c method=org.springframework.core.ResolvableType.getSource()Ljava/lang/Object; @ 11
Event: 51.316 Thread 0x00007fa403c2f000 Uncommon trap: reason=class_check action=maybe_recompile pc=0x00000001053dd26c method=org.springframework.core.ResolvableType.getSource()Ljava/lang/Object; @ 11
Event: 51.327 Thread 0x00007fa403c2f000 Uncommon trap: reason=unreached action=reinterpret pc=0x0000000104709570 method=java.lang.reflect.Method.equals(Ljava/lang/Object;)Z @ 1
Event: 51.648 Thread 0x00007fa403c2f000 Uncommon trap: reason=unreached action=reinterpret pc=0x0000000104f32430 method=org.codehaus.groovy.runtime.metaclass.MetaMethodIndex.isNonRealMethod(Lgroovy/lang/MetaMethod;)Z @ 4
Event: 55.701 Thread 0x00007fa403c2f000 Uncommon trap: reason=unloaded action=reinterpret pc=0x000000010500097c method=org.springframework.core.BridgeMethodResolver.findBridgedMethod(Ljava/lang/reflect/Method;)Ljava/lang/reflect/Method; @ 13

Internal exceptions (10 events):
Event: 56.769 Thread 0x00007fa403c2f000 Exception <a 'java/security/PrivilegedActionException'> (0x00000007b842f4b8) thrown at [/HUDSON/workspace/8-2-build-macosx-x86_64/jdk8u5/2488/hotspot/src/share/vm/prims/jvm.cpp, line 1248]
Event: 56.769 Thread 0x00007fa403c2f000 Exception <a 'java/security/PrivilegedActionException'> (0x00000007b8434040) thrown at [/HUDSON/workspace/8-2-build-macosx-x86_64/jdk8u5/2488/hotspot/src/share/vm/prims/jvm.cpp, line 1248]
Event: 56.771 Thread 0x00007fa403c2f000 Exception <a 'java/security/PrivilegedActionException'> (0x00000007b844f8e0) thrown at [/HUDSON/workspace/8-2-build-macosx-x86_64/jdk8u5/2488/hotspot/src/share/vm/prims/jvm.cpp, line 1248]
Event: 56.771 Thread 0x00007fa403c2f000 Exception <a 'java/security/PrivilegedActionException'> (0x00000007b8455720) thrown at [/HUDSON/workspace/8-2-build-macosx-x86_64/jdk8u5/2488/hotspot/src/share/vm/prims/jvm.cpp, line 1248]
Event: 56.773 Thread 0x00007fa403c2f000 Exception <a 'java/security/PrivilegedActionException'> (0x00000007b8471930) thrown at [/HUDSON/workspace/8-2-build-macosx-x86_64/jdk8u5/2488/hotspot/src/share/vm/prims/jvm.cpp, line 1248]
Event: 56.773 Thread 0x00007fa403c2f000 Exception <a 'java/security/PrivilegedActionException'> (0x00000007b8475b00) thrown at [/HUDSON/workspace/8-2-build-macosx-x86_64/jdk8u5/2488/hotspot/src/share/vm/prims/jvm.cpp, line 1248]
Event: 56.787 Thread 0x00007fa403c2f000 Exception <a 'java/security/PrivilegedActionException'> (0x00000007b8490620) thrown at [/HUDSON/workspace/8-2-build-macosx-x86_64/jdk8u5/2488/hotspot/src/share/vm/prims/jvm.cpp, line 1248]
Event: 56.787 Thread 0x00007fa403c2f000 Exception <a 'java/security/PrivilegedActionException'> (0x00000007b84938f0) thrown at [/HUDSON/workspace/8-2-build-macosx-x86_64/jdk8u5/2488/hotspot/src/share/vm/prims/jvm.cpp, line 1248]
Event: 56.787 Thread 0x00007fa403c2f000 Exception <a 'java/security/PrivilegedActionException'> (0x00000007b849adf0) thrown at [/HUDSON/workspace/8-2-build-macosx-x86_64/jdk8u5/2488/hotspot/src/share/vm/prims/jvm.cpp, line 1248]
Event: 56.787 Thread 0x00007fa403c2f000 Exception <a 'java/security/PrivilegedActionException'> (0x00000007b849e6d0) thrown at [/HUDSON/workspace/8-2-build-macosx-x86_64/jdk8u5/2488/hotspot/src/share/vm/prims/jvm.cpp, line 1248]

Events (10 events):
Event: 56.768 loading class org/codehaus/groovy/grails/orm/hibernate/AbstractHibernateGormInstanceApi
Event: 56.768 loading class org/codehaus/groovy/grails/orm/hibernate/AbstractHibernateGormInstanceApi done
Event: 56.771 loading class groovy/runtime/metaclass/org/codehaus/groovy/grails/orm/hibernate/HibernateGormInstanceApiMetaClass
Event: 56.771 loading class groovy/runtime/metaclass/org/codehaus/groovy/grails/orm/hibernate/HibernateGormInstanceApiMetaClass done
Event: 56.773 loading class org/grails/datastore/mapping/transactions/Transaction
Event: 56.773 loading class org/grails/datastore/mapping/transactions/Transaction done
Event: 56.786 loading class javax/persistence/FlushModeType
Event: 56.786 loading class javax/persistence/FlushModeType done
Event: 56.787 loading class org/grails/datastore/mapping/query/Query
Event: 56.787 loading class org/grails/datastore/mapping/query/Query done


Dynamic libraries:
0x0000000002d3e000 	/System/Library/Frameworks/Cocoa.framework/Versions/A/Cocoa
0x0000000002d3e000 	/System/Library/Frameworks/Security.framework/Versions/A/Security
0x0000000002d3e000 	/System/Library/Frameworks/ApplicationServices.framework/Versions/A/ApplicationServices
0x0000000002d3e000 	/usr/lib/libz.1.dylib
0x0000000002d3e000 	/usr/lib/libSystem.B.dylib
0x0000000002d3e000 	/usr/lib/libobjc.A.dylib
0x0000000002d3e000 	/System/Library/Frameworks/CoreFoundation.framework/Versions/A/CoreFoundation
0x0000000002d3e000 	/System/Library/Frameworks/Foundation.framework/Versions/C/Foundation
0x0000000002d3e000 	/System/Library/Frameworks/AppKit.framework/Versions/C/AppKit
0x0000000002d3e000 	/System/Library/Frameworks/CoreData.framework/Versions/A/CoreData
0x0000000002d3e000 	/System/Library/PrivateFrameworks/RemoteViewServices.framework/Versions/A/RemoteViewServices
0x0000000002d3e000 	/System/Library/Frameworks/AudioToolbox.framework/Versions/A/AudioToolbox
0x0000000002d3e000 	/System/Library/Frameworks/AudioUnit.framework/Versions/A/AudioUnit
0x0000000002d3e000 	/System/Library/PrivateFrameworks/DataDetectorsCore.framework/Versions/A/DataDetectorsCore
0x0000000002d3e000 	/System/Library/PrivateFrameworks/DesktopServicesPriv.framework/Versions/A/DesktopServicesPriv
0x0000000002d3e000 	/System/Library/Frameworks/Carbon.framework/Versions/A/Frameworks/HIToolbox.framework/Versions/A/HIToolbox
0x0000000002d3e000 	/System/Library/Frameworks/QuartzCore.framework/Versions/A/QuartzCore
0x0000000002d3e000 	/System/Library/Frameworks/Carbon.framework/Versions/A/Frameworks/SpeechRecognition.framework/Versions/A/SpeechRecognition
0x0000000002d3e000 	/usr/lib/libauto.dylib
0x0000000002d3e000 	/usr/lib/libicucore.A.dylib
0x0000000002d3e000 	/usr/lib/libxml2.2.dylib
0x0000000002d3e000 	/System/Library/PrivateFrameworks/CoreUI.framework/Versions/A/CoreUI
0x0000000002d3e000 	/System/Library/Frameworks/CoreAudio.framework/Versions/A/CoreAudio
0x0000000002d3e000 	/System/Library/Frameworks/DiskArbitration.framework/Versions/A/DiskArbitration
0x0000000002d3e000 	/usr/lib/liblangid.dylib
0x0000000002d3e000 	/System/Library/PrivateFrameworks/MultitouchSupport.framework/Versions/A/MultitouchSupport
0x0000000002d3e000 	/System/Library/Frameworks/IOKit.framework/Versions/A/IOKit
0x0000000002d3e000 	/usr/lib/libDiagnosticMessagesClient.dylib
0x0000000002d3e000 	/System/Library/Frameworks/CoreServices.framework/Versions/A/CoreServices
0x0000000002d3e000 	/System/Library/PrivateFrameworks/PerformanceAnalysis.framework/Versions/A/PerformanceAnalysis
0x0000000002d3e000 	/System/Library/PrivateFrameworks/GenerationalStorage.framework/Versions/A/GenerationalStorage
0x0000000002d3e000 	/System/Library/Frameworks/OpenGL.framework/Versions/A/OpenGL
0x0000000002d3e000 	/System/Library/PrivateFrameworks/Sharing.framework/Versions/A/Sharing
0x0000000002d3e000 	/System/Library/Frameworks/ImageIO.framework/Versions/A/ImageIO
0x0000000002d3e000 	/System/Library/Frameworks/CoreText.framework/Versions/A/CoreText
0x0000000002d3e000 	/System/Library/Frameworks/CoreGraphics.framework/Versions/A/CoreGraphics
0x0000000002d3e000 	/System/Library/PrivateFrameworks/Backup.framework/Versions/A/Backup
0x0000000002d3e000 	/System/Library/Frameworks/CFNetwork.framework/Versions/A/CFNetwork
0x0000000002d3e000 	/System/Library/Frameworks/SystemConfiguration.framework/Versions/A/SystemConfiguration
0x0000000002d3e000 	/usr/lib/libCRFSuite.dylib
0x0000000002d3e000 	/usr/lib/libc++.1.dylib
0x0000000002d3e000 	/usr/lib/libc++abi.dylib
0x0000000002d3e000 	/usr/lib/system/libcache.dylib
0x0000000002d3e000 	/usr/lib/system/libcommonCrypto.dylib
0x0000000002d3e000 	/usr/lib/system/libcompiler_rt.dylib
0x0000000002d3e000 	/usr/lib/system/libcopyfile.dylib
0x0000000002d3e000 	/usr/lib/system/libcorecrypto.dylib
0x0000000002d3e000 	/usr/lib/system/libdispatch.dylib
0x0000000002d3e000 	/usr/lib/system/libdyld.dylib
0x0000000002d3e000 	/usr/lib/system/libkeymgr.dylib
0x0000000002d3e000 	/usr/lib/system/liblaunch.dylib
0x0000000002d3e000 	/usr/lib/system/libmacho.dylib
0x0000000002d3e000 	/usr/lib/system/libquarantine.dylib
0x0000000002d3e000 	/usr/lib/system/libremovefile.dylib
0x0000000002d3e000 	/usr/lib/system/libsystem_asl.dylib
0x0000000002d3e000 	/usr/lib/system/libsystem_blocks.dylib
0x0000000002d3e000 	/usr/lib/system/libsystem_c.dylib
0x0000000002d3e000 	/usr/lib/system/libsystem_configuration.dylib
0x0000000002d3e000 	/usr/lib/system/libsystem_dnssd.dylib
0x0000000002d3e000 	/usr/lib/system/libsystem_info.dylib
0x0000000002d3e000 	/usr/lib/system/libsystem_kernel.dylib
0x0000000002d3e000 	/usr/lib/system/libsystem_m.dylib
0x0000000002d3e000 	/usr/lib/system/libsystem_malloc.dylib
0x0000000002d3e000 	/usr/lib/system/libsystem_network.dylib
0x0000000002d3e000 	/usr/lib/system/libsystem_notify.dylib
0x0000000002d3e000 	/usr/lib/system/libsystem_platform.dylib
0x0000000002d3e000 	/usr/lib/system/libsystem_pthread.dylib
0x0000000002d3e000 	/usr/lib/system/libsystem_sandbox.dylib
0x0000000002d3e000 	/usr/lib/system/libsystem_stats.dylib
0x0000000002d3e000 	/usr/lib/system/libunc.dylib
0x0000000002d3e000 	/usr/lib/system/libunwind.dylib
0x0000000002d3e000 	/usr/lib/system/libxpc.dylib
0x0000000002d3e000 	/usr/lib/libbsm.0.dylib
0x0000000002d3e000 	/usr/lib/libsqlite3.dylib
0x0000000002d3e000 	/usr/lib/libxar.1.dylib
0x0000000002d3e000 	/usr/lib/libpam.2.dylib
0x0000000002d3e000 	/usr/lib/libOpenScriptingUtil.dylib
0x0000000002d3e000 	/usr/lib/libbz2.1.0.dylib
0x0000000002d3e000 	/System/Library/Frameworks/CoreServices.framework/Versions/A/Frameworks/CarbonCore.framework/Versions/A/CarbonCore
0x0000000002d3e000 	/System/Library/Frameworks/CoreServices.framework/Versions/A/Frameworks/Metadata.framework/Versions/A/Metadata
0x0000000002d3e000 	/System/Library/Frameworks/CoreServices.framework/Versions/A/Frameworks/OSServices.framework/Versions/A/OSServices
0x0000000002d3e000 	/System/Library/Frameworks/CoreServices.framework/Versions/A/Frameworks/SearchKit.framework/Versions/A/SearchKit
0x0000000002d3e000 	/System/Library/Frameworks/CoreServices.framework/Versions/A/Frameworks/AE.framework/Versions/A/AE
0x0000000002d3e000 	/System/Library/Frameworks/CoreServices.framework/Versions/A/Frameworks/LaunchServices.framework/Versions/A/LaunchServices
0x0000000002d3e000 	/System/Library/Frameworks/CoreServices.framework/Versions/A/Frameworks/DictionaryServices.framework/Versions/A/DictionaryServices
0x0000000002d3e000 	/System/Library/Frameworks/NetFS.framework/Versions/A/NetFS
0x0000000002d3e000 	/usr/lib/system/libkxld.dylib
0x0000000002d3e000 	/System/Library/PrivateFrameworks/NetAuth.framework/Versions/A/NetAuth
0x0000000002d3e000 	/System/Library/PrivateFrameworks/TCC.framework/Versions/A/TCC
0x0000000002d3e000 	/System/Library/Frameworks/OpenDirectory.framework/Versions/A/Frameworks/CFOpenDirectory.framework/Versions/A/CFOpenDirectory
0x0000000002d3e000 	/System/Library/Frameworks/ServiceManagement.framework/Versions/A/ServiceManagement
0x0000000002d3e000 	/usr/lib/libxslt.1.dylib
0x0000000002d3e000 	/System/Library/Frameworks/Carbon.framework/Versions/A/Frameworks/Ink.framework/Versions/A/Ink
0x0000000002d3e000 	/System/Library/Frameworks/ApplicationServices.framework/Versions/A/Frameworks/ATS.framework/Versions/A/ATS
0x0000000002d3e000 	/System/Library/Frameworks/ApplicationServices.framework/Versions/A/Frameworks/ColorSync.framework/Versions/A/ColorSync
0x0000000002d3e000 	/System/Library/Frameworks/ApplicationServices.framework/Versions/A/Frameworks/HIServices.framework/Versions/A/HIServices
0x0000000002d3e000 	/System/Library/Frameworks/ApplicationServices.framework/Versions/A/Frameworks/LangAnalysis.framework/Versions/A/LangAnalysis
0x0000000002d3e000 	/System/Library/Frameworks/ApplicationServices.framework/Versions/A/Frameworks/PrintCore.framework/Versions/A/PrintCore
0x0000000002d3e000 	/System/Library/Frameworks/ApplicationServices.framework/Versions/A/Frameworks/QD.framework/Versions/A/QD
0x0000000002d3e000 	/System/Library/Frameworks/ApplicationServices.framework/Versions/A/Frameworks/SpeechSynthesis.framework/Versions/A/SpeechSynthesis
0x0000000002d3e000 	/System/Library/Frameworks/IOSurface.framework/Versions/A/IOSurface
0x0000000002d3e000 	/System/Library/Frameworks/Accelerate.framework/Versions/A/Accelerate
0x0000000002d3e000 	/System/Library/Frameworks/Accelerate.framework/Versions/A/Frameworks/vImage.framework/Versions/A/vImage
0x0000000002d3e000 	/System/Library/Frameworks/Accelerate.framework/Versions/A/Frameworks/vecLib.framework/Versions/A/vecLib
0x0000000002d3e000 	/System/Library/Frameworks/Accelerate.framework/Versions/A/Frameworks/vecLib.framework/Versions/A/libvDSP.dylib
0x0000000002d3e000 	/System/Library/Frameworks/Accelerate.framework/Versions/A/Frameworks/vecLib.framework/Versions/A/libvMisc.dylib
0x0000000002d3e000 	/System/Library/Frameworks/Accelerate.framework/Versions/A/Frameworks/vecLib.framework/Versions/A/libLAPACK.dylib
0x0000000002d3e000 	/System/Library/Frameworks/Accelerate.framework/Versions/A/Frameworks/vecLib.framework/Versions/A/libBLAS.dylib
0x0000000002d3e000 	/System/Library/Frameworks/ApplicationServices.framework/Versions/A/Frameworks/ATS.framework/Versions/A/Resources/libFontParser.dylib
0x0000000002d3e000 	/System/Library/Frameworks/ApplicationServices.framework/Versions/A/Frameworks/ATS.framework/Versions/A/Resources/libFontRegistry.dylib
0x0000000002d3e000 	/System/Library/Frameworks/ImageIO.framework/Versions/A/Resources/libJPEG.dylib
0x0000000002d3e000 	/System/Library/Frameworks/ImageIO.framework/Versions/A/Resources/libTIFF.dylib
0x0000000002d3e000 	/System/Library/Frameworks/ImageIO.framework/Versions/A/Resources/libPng.dylib
0x0000000002d3e000 	/System/Library/Frameworks/ImageIO.framework/Versions/A/Resources/libGIF.dylib
0x0000000002d3e000 	/System/Library/Frameworks/ImageIO.framework/Versions/A/Resources/libJP2.dylib
0x0000000002d3e000 	/System/Library/Frameworks/ImageIO.framework/Versions/A/Resources/libRadiance.dylib
0x0000000002d3e000 	/usr/lib/libcups.2.dylib
0x0000000002d3e000 	/System/Library/Frameworks/Kerberos.framework/Versions/A/Kerberos
0x0000000002d3e000 	/System/Library/Frameworks/GSS.framework/Versions/A/GSS
0x0000000002d3e000 	/usr/lib/libresolv.9.dylib
0x0000000002d3e000 	/usr/lib/libiconv.2.dylib
0x0000000002d3e000 	/System/Library/PrivateFrameworks/Heimdal.framework/Versions/A/Heimdal
0x0000000002d3e000 	/System/Library/PrivateFrameworks/TrustEvaluationAgent.framework/Versions/A/TrustEvaluationAgent
0x0000000002d3e000 	/usr/lib/libheimdal-asn1.dylib
0x0000000002d3e000 	/System/Library/Frameworks/OpenDirectory.framework/Versions/A/OpenDirectory
0x0000000002d3e000 	/System/Library/PrivateFrameworks/CommonAuth.framework/Versions/A/CommonAuth
0x0000000002d3e000 	/System/Library/Frameworks/SecurityFoundation.framework/Versions/A/SecurityFoundation
0x0000000002d3e000 	/System/Library/PrivateFrameworks/Bom.framework/Versions/A/Bom
0x0000000002d3e000 	/System/Library/Frameworks/CoreVideo.framework/Versions/A/CoreVideo
0x0000000002d3e000 	/System/Library/Frameworks/QuartzCore.framework/Versions/A/Frameworks/CoreImage.framework/Versions/A/CoreImage
0x0000000002d3e000 	/System/Library/Frameworks/QuartzCore.framework/Versions/A/Frameworks/ScalableUserInterface.framework/Versions/A/ScalableUserInterface
0x0000000002d3e000 	/System/Library/Frameworks/OpenGL.framework/Versions/A/Libraries/libGLU.dylib
0x0000000002d3e000 	/System/Library/Frameworks/OpenGL.framework/Versions/A/Libraries/libGFXShared.dylib
0x0000000002d3e000 	/System/Library/Frameworks/OpenGL.framework/Versions/A/Libraries/libGL.dylib
0x0000000002d3e000 	/System/Library/Frameworks/OpenGL.framework/Versions/A/Libraries/libGLImage.dylib
0x0000000002d3e000 	/System/Library/Frameworks/OpenGL.framework/Versions/A/Libraries/libCVMSPluginSupport.dylib
0x0000000002d3e000 	/System/Library/Frameworks/OpenGL.framework/Versions/A/Libraries/libCoreVMClient.dylib
0x0000000002d3e000 	/System/Library/PrivateFrameworks/FaceCore.framework/Versions/A/FaceCore
0x0000000002d3e000 	/System/Library/PrivateFrameworks/CrashReporterSupport.framework/Versions/A/CrashReporterSupport
0x0000000002d3e000 	/System/Library/Frameworks/OpenCL.framework/Versions/A/OpenCL
0x0000000002d3e000 	/System/Library/PrivateFrameworks/AppleFSCompression.framework/Versions/A/AppleFSCompression
0x0000000002d3e000 	/System/Library/PrivateFrameworks/Ubiquity.framework/Versions/A/Ubiquity
0x0000000002d3e000 	/System/Library/PrivateFrameworks/IconServices.framework/Versions/A/IconServices
0x0000000002d3e000 	/System/Library/PrivateFrameworks/ChunkingLibrary.framework/Versions/A/ChunkingLibrary
0x0000000002d3e000 	/System/Library/PrivateFrameworks/CoreSymbolication.framework/Versions/A/CoreSymbolication
0x0000000002d3e000 	/System/Library/PrivateFrameworks/Symbolication.framework/Versions/A/Symbolication
0x0000000002d3e000 	/System/Library/PrivateFrameworks/DebugSymbols.framework/Versions/A/DebugSymbols
0x00000001030fc000 	/Library/Java/JavaVirtualMachines/jdk1.8.0_05.jdk/Contents/Home/jre/lib/server/libjvm.dylib
0x0000000002d3e000 	/usr/lib/libstdc++.6.dylib
0x00000001040bf000 	/Library/Java/JavaVirtualMachines/jdk1.8.0_05.jdk/Contents/Home/jre/lib/libverify.dylib
0x00000001040cd000 	/Library/Java/JavaVirtualMachines/jdk1.8.0_05.jdk/Contents/Home/jre/lib/libjava.dylib
0x0000000104118000 	/Library/Java/JavaVirtualMachines/jdk1.8.0_05.jdk/Contents/Home/jre/lib/libinstrument.dylib
0x0000000104176000 	/Library/Java/JavaVirtualMachines/jdk1.8.0_05.jdk/Contents/Home/jre/lib/libzip.dylib
0x0000000116ed8000 	/System/Library/Frameworks/JavaVM.framework/Frameworks/JavaRuntimeSupport.framework/JavaRuntimeSupport
0x00000001041e9000 	/System/Library/Frameworks/JavaVM.framework/Versions/A/Frameworks/JavaNativeFoundation.framework/Versions/A/JavaNativeFoundation
0x0000000116ef0000 	/System/Library/Frameworks/JavaVM.framework/Versions/A/JavaVM
0x0000000002d3e000 	/System/Library/Frameworks/Carbon.framework/Versions/A/Carbon
0x0000000116efd000 	/System/Library/PrivateFrameworks/JavaLaunching.framework/Versions/A/JavaLaunching
0x0000000002d3e000 	/System/Library/Frameworks/Carbon.framework/Versions/A/Frameworks/CommonPanels.framework/Versions/A/CommonPanels
0x0000000002d3e000 	/System/Library/Frameworks/Carbon.framework/Versions/A/Frameworks/Help.framework/Versions/A/Help
0x0000000002d3e000 	/System/Library/Frameworks/Carbon.framework/Versions/A/Frameworks/ImageCapture.framework/Versions/A/ImageCapture
0x0000000002d3e000 	/System/Library/Frameworks/Carbon.framework/Versions/A/Frameworks/OpenScripting.framework/Versions/A/OpenScripting
0x0000000002d3e000 	/System/Library/Frameworks/Carbon.framework/Versions/A/Frameworks/Print.framework/Versions/A/Print
0x0000000002d3e000 	/System/Library/Frameworks/Carbon.framework/Versions/A/Frameworks/SecurityHI.framework/Versions/A/SecurityHI
0x000000011776c000 	/private/var/folders/sy/yqff3dz90s545vd9qdkc2dbw0000gp/T/libjansi-64-8488862122563806711.jnilib
0x000000011809d000 	/Library/Java/JavaVirtualMachines/jdk1.8.0_05.jdk/Contents/Home/jre/lib/libnet.dylib
0x00000001180b3000 	/Library/Java/JavaVirtualMachines/jdk1.8.0_05.jdk/Contents/Home/jre/lib/libmanagement.dylib
0x00000001180c0000 	/Library/Java/JavaVirtualMachines/jdk1.8.0_05.jdk/Contents/Home/jre/lib/libnio.dylib

VM Arguments:
jvm_args: -Dfile.encoding=UTF-8 -Xmx768M -Xms64M -Dgrails.fork.parent.process.port=57618 -Dgrails.fork.active=true -Dgrails.build.execution.context=/private/var/folders/sy/yqff3dz90s545vd9qdkc2dbw0000gp/T/com.portfolioaware.k4960672283980892151grails-execution-context -Dgrails.home=/Users/Miles/.gvm/grails/2.4.2 -javaagent:/Users/Miles/.gvm/grails/2.4.2/lib/org.springframework/springloaded/jars/springloaded-1.2.0.RELEASE.jar -Xverify:none -Dspringloaded.synchronize=true -Djdk.reflect.allowGetCallerClass=true -Dspringloaded=profile=grails;cacheDir=/Users/Miles/.grails/2.4.2 
java_command: org.grails.plugins.tomcat.fork.ForkedTomcatServer
java_class_path (initial): /Library/Java/JavaVirtualMachines/jdk1.8.0_05.jdk/Contents/Home/lib/tools.jar:/Users/Miles/.gvm/grails/2.4.2/lib/org.codehaus.groovy/groovy-all/jars/groovy-all-2.3.3.jar:/Users/Miles/.gvm/grails/2.4.2/lib/org.slf4j/jcl-over-slf4j/jars/jcl-over-slf4j-1.7.5.jar:/Users/Miles/.gvm/grails/2.4.2/lib/org.codehaus.gant/gant_groovy1.8/jars/gant_groovy1.8-1.9.6.jar:/Users/Miles/.gvm/grails/2.4.2/lib/org.apache.tomcat.embed/tomcat-embed-logging-log4j/jars/tomcat-embed-logging-log4j-7.0.50.jar:/Users/Miles/.gvm/grails/2.4.2/dist/grails-plugin-log4j-2.4.2.jar:/Users/Miles/.gvm/grails/2.4.2/lib/log4j/log4j/jars/log4j-1.2.17.jar:/Users/Miles/.gvm/grails/2.4.2/dist/grails-bootstrap-2.4.2.jar:/Users/Miles/.gvm/grails/2.4.2/lib/org.slf4j/slf4j-api/jars/slf4j-api-1.7.5.jar:/Users/Miles/.gvm/grails/2.4.2/lib/jline/jline/jars/jline-2.12.jar:/Users/Miles/.gvm/grails/2.4.2/lib/org.apache.ant/ant/jars/ant-1.8.4.jar:/Users/Miles/.gvm/grails/2.4.2/lib/org.apache.ant/ant-launcher/jars/ant-launcher-1.8.4.jar:/Users/Miles/.gvm/grails/2.4.2/lib/org.apache.ant/ant-trax/jars/ant-trax-1.7.1.jar:/Users/Miles/.gvm/grails/2.4.2/lib/org.apache.ant/ant-junit/jars/ant-junit-1.8.4.jar:/Users/Miles/.gvm/grails/2.4.2/lib/org.apache.ivy/ivy/jars/ivy-2.3.0.jar:/Users/Miles/.gvm/grails/2.4.2/lib/org.fusesource.jansi/jansi/jars/jansi-1.11.jar:/Users/Miles/.m2/repository/org/apache/tomcat/tomcat-catalina-ant/7.0.53/tomcat-catalina-ant-7.0.53.jar:/Users/Miles/.m2/repository/org/apache/tomcat/embed/tomcat-embed-logging-log4j/7.0.53/tomcat-embed-logging-log4j-7.0.53.jar:/Users/Miles/.m2/repository/org/apache/tomcat/embed/tomcat-embed-el/7.0.53/tomcat-embed-el-7.0.53.jar:/Users/Miles/.m2/repository/org/eclipse/jdt/core/compiler/ecj/3.7.2/ecj-3.7.2.jar:/Users/Miles/.m2/repository/org/apache/tomcat/embed/tomcat-embed-core/7.0.53/tomcat-embed-core-7.0.53.jar:/Users/Miles/PortfolioK/com.portfolioaware.k/target/work/plugins/tomcat-7.0.54/grails-plugin-tomcat-7.0.54.jar:/Users/Miles/.m2/reposi
Launcher Type: SUN_STANDARD

Environment Variables:
JAVA_HOME=/Library/Java/JavaVirtualMachines/jdk1.8.0_05.jdk/Contents/Home
PATH=/Users/Miles/.gvm/vertx/current/bin:/Users/Miles/.gvm/springboot/current/bin:/Users/Miles/.gvm/lazybones/current/bin:/Users/Miles/.gvm/groovyserv/current/bin:/Users/Miles/.gvm/groovy/current/bin:/Users/Miles/.gvm/griffon/current/bin:/Users/Miles/.gvm/grails/2.4.2/bin:/Users/Miles/.gvm/gradle/current/bin:/Users/Miles/.gvm/glide/current/bin:/Users/Miles/.gvm/gaiden/current/bin:/Users/Miles/.gvm/crash/current/bin:/Users/Miles/TcatServer7/bin:/usr/bin:/bin:/usr/sbin:/sbin:/usr/local/bin:/opt/X11/bin:/usr/local/git/bin:/users/Miles/grails/grails-2.4.2/bin:/Library/Java/JavaVirtualMachines/jdk1.8.0_05.jdk/Contents/Home/bin
SHELL=/bin/bash
DISPLAY=/tmp/launch-dQO9Xn/org.macosforge.xquartz:0

Signal Handlers:
SIGSEGV: [libjvm.dylib+0x55f7df], sa_mask[0]=0xfffefeff, sa_flags=0x00000043
SIGBUS: [libjvm.dylib+0x55f7df], sa_mask[0]=0xfffefeff, sa_flags=0x00000042
SIGFPE: [libjvm.dylib+0x442cfa], sa_mask[0]=0xfffefeff, sa_flags=0x00000042
SIGPIPE: [libjvm.dylib+0x442cfa], sa_mask[0]=0xfffefeff, sa_flags=0x00000042
SIGXFSZ: [libjvm.dylib+0x442cfa], sa_mask[0]=0xfffefeff, sa_flags=0x00000042
SIGILL: [libjvm.dylib+0x442cfa], sa_mask[0]=0xfffefeff, sa_flags=0x00000042
SIGUSR1: SIG_DFL, sa_mask[0]=0x63807efb, sa_flags=0x00000000
SIGUSR2: [libjvm.dylib+0x442818], sa_mask[0]=0x00000004, sa_flags=0x00000042
SIGHUP: [libjvm.dylib+0x440ba5], sa_mask[0]=0xfffefeff, sa_flags=0x00000042
SIGINT: [libjvm.dylib+0x440ba5], sa_mask[0]=0xfffefeff, sa_flags=0x00000042
SIGTERM: [libjvm.dylib+0x440ba5], sa_mask[0]=0xfffefeff, sa_flags=0x00000042
SIGQUIT: [libjvm.dylib+0x440ba5], sa_mask[0]=0xfffefeff, sa_flags=0x00000042


---------------  S Y S T E M  ---------------

OS:Bsduname:Darwin 13.3.0 Darwin Kernel Version 13.3.0: Tue Jun  3 21:27:35 PDT 2014; root:xnu-2422.110.17~1/RELEASE_X86_64 x86_64
rlimit: STACK 8192k, CORE 0k, NPROC 709, NOFILE 10240, AS infinity
load average:4.31 3.37 3.22

CPU:total 2 (2 cores per cpu, 1 threads per core) family 6 model 23 stepping 10, cmov, cx8, fxsr, mmx, sse, sse2, sse3, ssse3, sse4.1, tsc

Memory: 4k page, physical 4194304k(17624k free)

/proc/meminfo:


vm_info: Java HotSpot(TM) 64-Bit Server VM (25.5-b02) for bsd-amd64 JRE (1.8.0_05-b13), built on Mar 18 2014 00:36:13 by "java_re" with gcc 4.2.1 (Based on Apple Inc. build 5658) (LLVM build 2336.11.00)

time: Thu Sep 25 12:08:21 2014
elapsed time: 57 seconds

