#
# A fatal error has been detected by the Java Runtime Environment:
#
#  SIGSEGV (0xb) at pc=0x00000001018582f0, pid=6350, tid=17411
#
# JRE version: Java(TM) SE Runtime Environment (8.0_05-b13) (build 1.8.0_05-b13)
# Java VM: Java HotSpot(TM) 64-Bit Server VM (25.5-b02 mixed mode bsd-amd64 compressed oops)
# Problematic frame:
# V  [libjvm.dylib+0xd02f0]
#
# Failed to write core dump. Core dumps have been disabled. To enable core dumping, try "ulimit -c unlimited" before starting Java again
#
# If you would like to submit a bug report, please visit:
#   http://bugreport.sun.com/bugreport/crash.jsp
#

---------------  T H R E A D  ---------------

Current thread (0x00007f837308f800):  JavaThread "C2 CompilerThread0" daemon [_thread_in_native, id=17411, stack(0x000000011597f000,0x0000000115a7f000)]

siginfo:si_signo=SIGSEGV: si_errno=0, si_code=1 (SEGV_MAPERR), si_addr=0x0000000000000000

Registers:
RAX=0x00007f8373c82458, RBX=0x00007f8373341338, RCX=0x0000000000000000, RDX=0x0000000000000008
RSP=0x0000000115a7b870, RBP=0x0000000115a7b8e0, RSI=0x000000000000001c, RDI=0x0000000000000000
R8 =0x00007f8373e16370, R9 =0x00007f8373530538, R10=0x0000000000000064, R11=0x00007f8373c82458
R12=0x0000000000000000, R13=0x0000000000000013, R14=0x00007f8373341338, R15=0x00000000000000c0
RIP=0x00000001018582f0, EFLAGS=0x0000000000010206, ERR=0x0000000000000004
  TRAPNO=0x000000000000000e

Top of Stack: (sp=0x0000000115a7b870)
0x0000000115a7b870:   0000000115a7b8e0 00000000000000da
0x0000000115a7b880:   00007f8373e16370 00007f8372e36870
0x0000000115a7b890:   00007f8373c82b30 0000001c00000008
0x0000000115a7b8a0:   0000000115a7c550 00007f8373c82b60
0x0000000115a7b8b0:   00000000000000b8 00007f8373c82b30
0x0000000115a7b8c0:   0000000000000012 0000000000000013
0x0000000115a7b8d0:   00007f8373341338 00007f8373c8ffff
0x0000000115a7b8e0:   0000000115a7b940 000000010185800d
0x0000000115a7b8f0:   0000000115a7b940 000000da15a7dfd0
0x0000000115a7b900:   00007f8373e11c90 0000000a73c82450
0x0000000115a7b910:   0000000115a7c550 00007f8373530cb8
0x0000000115a7b920:   00007f8373c82b30 0000000000000004
0x0000000115a7b930:   00007f8373c7f5b0 00007f8373c82260
0x0000000115a7b940:   0000000115a7ba40 0000000101858f3b
0x0000000115a7b950:   000000000121c480 0000000000000007
0x0000000115a7b960:   0000000000000007 00007f8373e13f54
0x0000000115a7b970:   00000000000000da 000000000000001c
0x0000000115a7b980:   00007f8373e13f54 00007f837251dfc0
0x0000000115a7b990:   0000000115a7dfd0 0000000000000007
0x0000000115a7b9a0:   00007f8373e13f54 0000000000000007
0x0000000115a7b9b0:   ffffffffffffffff 0000000115a7c680
0x0000000115a7b9c0:   00007f8373530538 00007f8373e11c90
0x0000000115a7b9d0:   00000000000006d0 00000000000001b4
0x0000000115a7b9e0:   0000000000000000 0000000100000080
0x0000000115a7b9f0:   00007f837251dfc0 00007f8373e14390
0x0000000115a7ba00:   00007f8300000004 0000000000000014
0x0000000115a7ba10:   0000000000000000 0000000115a7dfd0
0x0000000115a7ba20:   00007f8375be9d30 0000000000000a04
0x0000000115a7ba30:   00007f8373e0e810 0000000115a7e798
0x0000000115a7ba40:   0000000115a7ba90 0000000101bd37d8
0x0000000115a7ba50:   00007f8373340780 00007f837352ae78
0x0000000115a7ba60:   0000000115a7e140 0000000115a7dfd0 

Instructions: (pc=0x00000001018582f0)
0x00000001018582d0:   00 00 44 89 ff 8b 75 bc 8b 55 b8 e8 fa 0c 00 00
0x00000001018582e0:   48 89 45 d0 48 8b 45 b0 48 8b 40 08 4e 8b 24 f8
0x00000001018582f0:   49 8b 04 24 4c 89 e7 ff 50 28 48 63 48 10 48 89
0x0000000101858300:   ca 48 c1 e2 05 48 8d 35 74 8a 6f 00 80 7c 16 10 

Register to memory mapping:

RAX=0x00007f8373c82458 is an unknown value
RBX=0x00007f8373341338 is an unknown value
RCX=0x0000000000000000 is an unknown value
RDX=0x0000000000000008 is an unknown value
RSP=0x0000000115a7b870 is pointing into the stack for thread: 0x00007f837308f800
RBP=0x0000000115a7b8e0 is pointing into the stack for thread: 0x00007f837308f800
RSI=0x000000000000001c is an unknown value
RDI=0x0000000000000000 is an unknown value
R8 =0x00007f8373e16370 is an unknown value
R9 =0x00007f8373530538 is an unknown value
R10=0x0000000000000064 is an unknown value
R11=0x00007f8373c82458 is an unknown value
R12=0x0000000000000000 is an unknown value
R13=0x0000000000000013 is an unknown value
R14=0x00007f8373341338 is an unknown value
R15=0x00000000000000c0 is an unknown value


Stack: [0x000000011597f000,0x0000000115a7f000],  sp=0x0000000115a7b870,  free space=1010k
Native frames: (J=compiled Java code, j=interpreted, Vv=VM code, C=native code)
V  [libjvm.dylib+0xd02f0]
V  [libjvm.dylib+0xd000d]
V  [libjvm.dylib+0xd0f3b]
V  [libjvm.dylib+0x44b7d8]
V  [libjvm.dylib+0x19d040]
V  [libjvm.dylib+0x1a0a7b]
V  [libjvm.dylib+0x143eb2]
V  [libjvm.dylib+0x1a431c]
V  [libjvm.dylib+0x1a642b]
V  [libjvm.dylib+0x51ccf5]
V  [libjvm.dylib+0x51e432]
V  [libjvm.dylib+0x445426]
C  [libsystem_pthread.dylib+0x1899]  _pthread_body+0x8a
C  [libsystem_pthread.dylib+0x172a]  _pthread_struct_init+0x0
C  [libsystem_pthread.dylib+0x5fc9]  thread_start+0xd


Current CompileTask:
C2:  46592 6049       4       groovy.lang.MetaClassImpl::findPropertyMethod (356 bytes)


---------------  P R O C E S S  ---------------

Java Threads: ( => current thread )
  0x00007f8372b11800 JavaThread "net.sf.ehcache.CacheManager@5942aa79" daemon [_thread_blocked, id=23559, stack(0x0000000119e1d000,0x0000000119f1d000)]
  0x00007f8372a35800 JavaThread "PoolCleaner[32831160:1411613446609]" daemon [_thread_blocked, id=12555, stack(0x0000000117c4b000,0x0000000117d4b000)]
  0x00007f8374816800 JavaThread "FileSystemWatcher: files=#156 cl=groovy.lang.GroovyClassLoader@1f4f6b8" daemon [_thread_blocked, id=23043, stack(0x0000000118564000,0x0000000118664000)]
  0x00007f8374134000 JavaThread "Thread-4" daemon [_thread_in_native, id=22531, stack(0x00000001176df000,0x00000001177df000)]
  0x00007f83739cb000 JavaThread "localhost-startStop-1" daemon [_thread_in_native, id=22019, stack(0x00000001178af000,0x00000001179af000)]
  0x00007f8374897000 JavaThread "Tomcat-startStop-1" daemon [_thread_blocked, id=21507, stack(0x0000000117117000,0x0000000117217000)]
  0x00007f8373999000 JavaThread "Thread-3" [_thread_in_native, id=20995, stack(0x00000001169de000,0x0000000116ade000)]
  0x00007f8373664000 JavaThread "Thread-2" [_thread_blocked, id=20483, stack(0x00000001165de000,0x00000001166de000)]
  0x00007f8372b68000 JavaThread "NonBlockingInputStreamThread" daemon [_thread_blocked, id=19971, stack(0x0000000116355000,0x0000000116455000)]
  0x00007f8372b8b800 JavaThread "process reaper" daemon [_thread_blocked, id=19459, stack(0x0000000115df9000,0x0000000115e21000)]
  0x00007f8373090800 JavaThread "Service Thread" daemon [_thread_blocked, id=18435, stack(0x0000000115b85000,0x0000000115c85000)]
  0x00007f8373096800 JavaThread "C1 CompilerThread1" daemon [_thread_blocked, id=17923, stack(0x0000000115a82000,0x0000000115b82000)]
=>0x00007f837308f800 JavaThread "C2 CompilerThread0" daemon [_thread_in_native, id=17411, stack(0x000000011597f000,0x0000000115a7f000)]
  0x00007f8373006800 JavaThread "Signal Dispatcher" daemon [_thread_blocked, id=16899, stack(0x00000001156a0000,0x00000001157a0000)]
  0x00007f8373030800 JavaThread "Finalizer" daemon [_thread_blocked, id=12035, stack(0x0000000115451000,0x0000000115551000)]
  0x00007f8372848000 JavaThread "Reference Handler" daemon [_thread_blocked, id=11523, stack(0x000000011534e000,0x000000011544e000)]
  0x00007f8372813800 JavaThread "main" [_thread_blocked, id=6915, stack(0x000000010265f000,0x000000010275f000)]

Other Threads:
  0x00007f8372843800 VMThread [stack: 0x000000011524b000,0x000000011534b000] [id=11011]
  0x00007f837311a000 WatcherThread [stack: 0x0000000115c88000,0x0000000115d88000] [id=18947]

VM state:not at safepoint (normal execution)

VM Mutex/Monitor currently owned by a thread: None

Heap:
 PSYoungGen      total 188928K, used 167835K [0x00000007b0000000, 0x00000007c0000000, 0x00000007c0000000)
  eden space 125952K, 95% used [0x00000007b0000000,0x00000007b74e40f0,0x00000007b7b00000)
  from space 62976K, 76% used [0x00000007bc280000,0x00000007bf182cd0,0x00000007c0000000)
  to   space 68096K, 0% used [0x00000007b7b00000,0x00000007b7b00000,0x00000007bbd80000)
 ParOldGen       total 95744K, used 83379K [0x0000000790000000, 0x0000000795d80000, 0x00000007b0000000)
  object space 95744K, 87% used [0x0000000790000000,0x000000079516cd70,0x0000000795d80000)
 Metaspace       used 66062K, capacity 67804K, committed 68040K, reserved 1110016K
  class space    used 7132K, capacity 7653K, committed 7680K, reserved 1048576K

Card table byte_map: [0x0000000111fd1000,0x0000000112152000] byte_map_base: 0x000000010e351000

Marking Bits: (ParMarkBitMap*) 0x0000000101fee0a0
 Begin Bits: [0x0000000112458000, 0x0000000113058000)
 End Bits:   [0x0000000113058000, 0x0000000113c58000)

Polling page: 0x00000001027a3000

CodeCache: size=245760Kb used=18552Kb max_used=18552Kb free=227207Kb
 bounds [0x0000000102c11000, 0x0000000103e41000, 0x0000000111c11000]
 total_blobs=6446 nmethods=5704 adapters=654
 compilation: enabled

Compilation events (10 events):
Event: 46.278 Thread 0x00007f837308f800 nmethod 6320% 0x0000000103e388d0 code [0x0000000103e38c00, 0x0000000103e3a960]
Event: 46.279 Thread 0x00007f837308f800 6082       4       org.codehaus.groovy.runtime.metaclass.MetaMethodIndex::isMatchingMethod (68 bytes)
Event: 46.281 Thread 0x00007f8373096800 6423       2       groovyjarjarasm.asm.ClassWriter::toByteArray (1303 bytes)
Event: 46.283 Thread 0x00007f837308f800 nmethod 6082 0x0000000103e18410 code [0x0000000103e18560, 0x0000000103e186b8]
Event: 46.283 Thread 0x00007f837308f800 6049       4       groovy.lang.MetaClassImpl::findPropertyMethod (356 bytes)
Event: 46.287 Thread 0x00007f8373096800 nmethod 6423 0x0000000103e1f090 code [0x0000000103e1f6c0, 0x0000000103e21238]
Event: 46.287 Thread 0x00007f8373096800 6424       2       groovyjarjarasm.asm.ByteVector::<init> (12 bytes)
Event: 46.287 Thread 0x00007f8373096800 nmethod 6424 0x0000000103e18010 code [0x0000000103e18160, 0x0000000103e18350]
Event: 46.297 Thread 0x00007f8373096800 6425       2       sun.misc.URLClassPath$2::next (59 bytes)
Event: 46.297 Thread 0x00007f8373096800 nmethod 6425 0x0000000103e1b010 code [0x0000000103e1b180, 0x0000000103e1b418]

GC Heap History (10 events):
Event: 41.297 GC heap before
{Heap before GC invocations=71 (full 7):
 PSYoungGen      total 217600K, used 217338K [0x00000007b0000000, 0x00000007c0000000, 0x00000007c0000000)
  eden space 193024K, 100% used [0x00000007b0000000,0x00000007bbc80000,0x00000007bbc80000)
  from space 24576K, 98% used [0x00000007bbc80000,0x00000007bd43eb38,0x00000007bd480000)
  to   space 36864K, 0% used [0x00000007bdc00000,0x00000007bdc00000,0x00000007c0000000)
 ParOldGen       total 95744K, used 77747K [0x0000000790000000, 0x0000000795d80000, 0x00000007b0000000)
  object space 95744K, 81% used [0x0000000790000000,0x0000000794bece00,0x0000000795d80000)
 Metaspace       used 60445K, capacity 61796K, committed 62280K, reserved 1105920K
  class space    used 6270K, capacity 6678K, committed 6784K, reserved 1048576K
Event: 41.434 GC heap after
Heap after GC invocations=71 (full 7):
 PSYoungGen      total 215040K, used 33137K [0x00000007b0000000, 0x00000007c0000000, 0x00000007c0000000)
  eden space 178176K, 0% used [0x00000007b0000000,0x00000007b0000000,0x00000007bae00000)
  from space 36864K, 89% used [0x00000007bdc00000,0x00000007bfc5c438,0x00000007c0000000)
  to   space 41984K, 0% used [0x00000007bae00000,0x00000007bae00000,0x00000007bd700000)
 ParOldGen       total 95744K, used 77755K [0x0000000790000000, 0x0000000795d80000, 0x00000007b0000000)
  object space 95744K, 81% used [0x0000000790000000,0x0000000794beee00,0x0000000795d80000)
 Metaspace       used 60445K, capacity 61796K, committed 62280K, reserved 1105920K
  class space    used 6270K, capacity 6678K, committed 6784K, reserved 1048576K
}
Event: 42.901 GC heap before
{Heap before GC invocations=72 (full 7):
 PSYoungGen      total 215040K, used 211313K [0x00000007b0000000, 0x00000007c0000000, 0x00000007c0000000)
  eden space 178176K, 100% used [0x00000007b0000000,0x00000007bae00000,0x00000007bae00000)
  from space 36864K, 89% used [0x00000007bdc00000,0x00000007bfc5c438,0x00000007c0000000)
  to   space 41984K, 0% used [0x00000007bae00000,0x00000007bae00000,0x00000007bd700000)
 ParOldGen       total 95744K, used 77755K [0x0000000790000000, 0x0000000795d80000, 0x00000007b0000000)
  object space 95744K, 81% used [0x0000000790000000,0x0000000794beee00,0x0000000795d80000)
 Metaspace       used 62047K, capacity 63482K, committed 63688K, reserved 1105920K
  class space    used 6504K, capacity 6911K, committed 6912K, reserved 1048576K
Event: 42.987 GC heap after
Heap after GC invocations=72 (full 7):
 PSYoungGen      total 220160K, used 41963K [0x00000007b0000000, 0x00000007c0000000, 0x00000007c0000000)
  eden space 178176K, 0% used [0x00000007b0000000,0x00000007b0000000,0x00000007bae00000)
  from space 41984K, 99% used [0x00000007bae00000,0x00000007bd6fadc8,0x00000007bd700000)
  to   space 41984K, 0% used [0x00000007bd700000,0x00000007bd700000,0x00000007c0000000)
 ParOldGen       total 95744K, used 77820K [0x0000000790000000, 0x0000000795d80000, 0x00000007b0000000)
  object space 95744K, 81% used [0x0000000790000000,0x0000000794bff130,0x0000000795d80000)
 Metaspace       used 62047K, capacity 63482K, committed 63688K, reserved 1105920K
  class space    used 6504K, capacity 6911K, committed 6912K, reserved 1048576K
}
Event: 44.121 GC heap before
{Heap before GC invocations=73 (full 7):
 PSYoungGen      total 220160K, used 220139K [0x00000007b0000000, 0x00000007c0000000, 0x00000007c0000000)
  eden space 178176K, 100% used [0x00000007b0000000,0x00000007bae00000,0x00000007bae00000)
  from space 41984K, 99% used [0x00000007bae00000,0x00000007bd6fadc8,0x00000007bd700000)
  to   space 41984K, 0% used [0x00000007bd700000,0x00000007bd700000,0x00000007c0000000)
 ParOldGen       total 95744K, used 77820K [0x0000000790000000, 0x0000000795d80000, 0x00000007b0000000)
  object space 95744K, 81% used [0x0000000790000000,0x0000000794bff130,0x0000000795d80000)
 Metaspace       used 62915K, capacity 64430K, committed 64712K, reserved 1107968K
  class space    used 6661K, capacity 7130K, committed 7168K, reserved 1048576K
Event: 44.241 GC heap after
Heap after GC invocations=73 (full 7):
 PSYoungGen      total 190464K, used 41957K [0x00000007b0000000, 0x00000007c0000000, 0x00000007c0000000)
  eden space 148480K, 0% used [0x00000007b0000000,0x00000007b0000000,0x00000007b9100000)
  from space 41984K, 99% used [0x00000007bd700000,0x00000007bfff95e8,0x00000007c0000000)
  to   space 56832K, 0% used [0x00000007b9100000,0x00000007b9100000,0x00000007bc880000)
 ParOldGen       total 95744K, used 82891K [0x0000000790000000, 0x0000000795d80000, 0x00000007b0000000)
  object space 95744K, 86% used [0x0000000790000000,0x00000007950f2d50,0x0000000795d80000)
 Metaspace       used 62915K, capacity 64430K, committed 64712K, reserved 1107968K
  class space    used 6661K, capacity 7130K, committed 7168K, reserved 1048576K
}
Event: 45.269 GC heap before
{Heap before GC invocations=74 (full 7):
 PSYoungGen      total 190464K, used 187072K [0x00000007b0000000, 0x00000007c0000000, 0x00000007c0000000)
  eden space 148480K, 97% used [0x00000007b0000000,0x00000007b8db6b28,0x00000007b9100000)
  from space 41984K, 99% used [0x00000007bd700000,0x00000007bfff95e8,0x00000007c0000000)
  to   space 56832K, 0% used [0x00000007b9100000,0x00000007b9100000,0x00000007bc880000)
 ParOldGen       total 95744K, used 82891K [0x0000000790000000, 0x0000000795d80000, 0x00000007b0000000)
  object space 95744K, 86% used [0x0000000790000000,0x00000007950f2d50,0x0000000795d80000)
 Metaspace       used 63980K, capacity 65570K, committed 65608K, reserved 1107968K
  class space    used 6799K, capacity 7267K, committed 7296K, reserved 1048576K
Event: 45.375 GC heap after
Heap after GC invocations=74 (full 7):
 PSYoungGen      total 196096K, used 47206K [0x00000007b0000000, 0x00000007c0000000, 0x00000007c0000000)
  eden space 148480K, 0% used [0x00000007b0000000,0x00000007b0000000,0x00000007b9100000)
  from space 47616K, 99% used [0x00000007b9100000,0x00000007bbf19840,0x00000007bbf80000)
  to   space 62976K, 0% used [0x00000007bc280000,0x00000007bc280000,0x00000007c0000000)
 ParOldGen       total 95744K, used 83371K [0x0000000790000000, 0x0000000795d80000, 0x00000007b0000000)
  object space 95744K, 87% used [0x0000000790000000,0x000000079516ad70,0x0000000795d80000)
 Metaspace       used 63980K, capacity 65570K, committed 65608K, reserved 1107968K
  class space    used 6799K, capacity 7267K, committed 7296K, reserved 1048576K
}
Event: 45.812 GC heap before
{Heap before GC invocations=75 (full 7):
 PSYoungGen      total 196096K, used 195078K [0x00000007b0000000, 0x00000007c0000000, 0x00000007c0000000)
  eden space 148480K, 99% used [0x00000007b0000000,0x00000007b9068138,0x00000007b9100000)
  from space 47616K, 99% used [0x00000007b9100000,0x00000007bbf19840,0x00000007bbf80000)
  to   space 62976K, 0% used [0x00000007bc280000,0x00000007bc280000,0x00000007c0000000)
 ParOldGen       total 95744K, used 83371K [0x0000000790000000, 0x0000000795d80000, 0x00000007b0000000)
  object space 95744K, 87% used [0x0000000790000000,0x000000079516ad70,0x0000000795d80000)
 Metaspace       used 64963K, capacity 66594K, committed 66888K, reserved 1107968K
  class space    used 6982K, capacity 7459K, committed 7552K, reserved 1048576K
Event: 45.922 GC heap after
Heap after GC invocations=75 (full 7):
 PSYoungGen      total 188928K, used 48139K [0x00000007b0000000, 0x00000007c0000000, 0x00000007c0000000)
  eden space 125952K, 0% used [0x00000007b0000000,0x00000007b0000000,0x00000007b7b00000)
  from space 62976K, 76% used [0x00000007bc280000,0x00000007bf182cd0,0x00000007c0000000)
  to   space 68096K, 0% used [0x00000007b7b00000,0x00000007b7b00000,0x00000007bbd80000)
 ParOldGen       total 95744K, used 83379K [0x0000000790000000, 0x0000000795d80000, 0x00000007b0000000)
  object space 95744K, 87% used [0x0000000790000000,0x000000079516cd70,0x0000000795d80000)
 Metaspace       used 64963K, capacity 66594K, committed 66888K, reserved 1107968K
  class space    used 6982K, capacity 7459K, committed 7552K, reserved 1048576K
}

Deoptimization events (10 events):
Event: 38.918 Thread 0x00007f83739cb000 Uncommon trap: reason=unloaded action=reinterpret pc=0x0000000103a85d00 method=com.sun.beans.TypeResolver.resolve(Ljava/lang/reflect/Type;Ljava/lang/reflect/Type;)Ljava/lang/reflect/Type; @ 175
Event: 39.175 Thread 0x00007f83739cb000 Uncommon trap: reason=unreached action=reinterpret pc=0x0000000103167af0 method=org.codehaus.groovy.runtime.metaclass.MetaMethodIndex.isNonRealMethod(Lgroovy/lang/MetaMethod;)Z @ 4
Event: 40.130 Thread 0x00007f83739cb000 Uncommon trap: reason=class_check action=maybe_recompile pc=0x0000000103c4ec0c method=java.lang.reflect.Executable.getAnnotation(Ljava/lang/Class;)Ljava/lang/annotation/Annotation; @ 19
Event: 40.777 Thread 0x00007f83739cb000 Uncommon trap: reason=array_check action=maybe_recompile pc=0x0000000103c85a3c method=java.util.AbstractCollection.toArray([Ljava/lang/Object;)[Ljava/lang/Object; @ 119
Event: 40.777 Thread 0x00007f83739cb000 Uncommon trap: reason=array_check action=maybe_recompile pc=0x0000000103c85a3c method=java.util.AbstractCollection.toArray([Ljava/lang/Object;)[Ljava/lang/Object; @ 119
Event: 40.788 Thread 0x00007f83739cb000 Uncommon trap: reason=array_check action=maybe_recompile pc=0x0000000103c85a3c method=java.util.AbstractCollection.toArray([Ljava/lang/Object;)[Ljava/lang/Object; @ 119
Event: 40.788 Thread 0x00007f83739cb000 Uncommon trap: reason=array_check action=maybe_recompile pc=0x0000000103c85a3c method=java.util.AbstractCollection.toArray([Ljava/lang/Object;)[Ljava/lang/Object; @ 119
Event: 41.251 Thread 0x00007f83739cb000 Uncommon trap: reason=class_check action=maybe_recompile pc=0x0000000103c4ec0c method=java.lang.reflect.Executable.getAnnotation(Ljava/lang/Class;)Ljava/lang/annotation/Annotation; @ 19
Event: 41.936 Thread 0x00007f83739cb000 Uncommon trap: reason=class_check action=maybe_recompile pc=0x0000000103c4ec0c method=java.lang.reflect.Executable.getAnnotation(Ljava/lang/Class;)Ljava/lang/annotation/Annotation; @ 19
Event: 43.207 Thread 0x00007f83739cb000 Uncommon trap: reason=class_check action=maybe_recompile pc=0x0000000103c4ec0c method=java.lang.reflect.Executable.getAnnotation(Ljava/lang/Class;)Ljava/lang/annotation/Annotation; @ 19

Internal exceptions (10 events):
Event: 46.294 Thread 0x00007f83739cb000 Exception <a 'java/security/PrivilegedActionException'> (0x00000007b60f5708) thrown at [/HUDSON/workspace/8-2-build-macosx-x86_64/jdk8u5/2488/hotspot/src/share/vm/prims/jvm.cpp, line 1248]
Event: 46.294 Thread 0x00007f83739cb000 Exception <a 'java/security/PrivilegedActionException'> (0x00000007b60f9b50) thrown at [/HUDSON/workspace/8-2-build-macosx-x86_64/jdk8u5/2488/hotspot/src/share/vm/prims/jvm.cpp, line 1248]
Event: 46.294 Thread 0x00007f83739cb000 Exception <a 'java/security/PrivilegedActionException'> (0x00000007b6109dc8) thrown at [/HUDSON/workspace/8-2-build-macosx-x86_64/jdk8u5/2488/hotspot/src/share/vm/prims/jvm.cpp, line 1248]
Event: 46.295 Thread 0x00007f83739cb000 Exception <a 'java/security/PrivilegedActionException'> (0x00000007b6122410) thrown at [/HUDSON/workspace/8-2-build-macosx-x86_64/jdk8u5/2488/hotspot/src/share/vm/prims/jvm.cpp, line 1248]
Event: 46.295 Thread 0x00007f83739cb000 Exception <a 'java/security/PrivilegedActionException'> (0x00000007b6126858) thrown at [/HUDSON/workspace/8-2-build-macosx-x86_64/jdk8u5/2488/hotspot/src/share/vm/prims/jvm.cpp, line 1248]
Event: 46.295 Thread 0x00007f83739cb000 Exception <a 'java/security/PrivilegedActionException'> (0x00000007b6136ad0) thrown at [/HUDSON/workspace/8-2-build-macosx-x86_64/jdk8u5/2488/hotspot/src/share/vm/prims/jvm.cpp, line 1248]
Event: 46.296 Thread 0x00007f83739cb000 Exception <a 'java/security/PrivilegedActionException'> (0x00000007b615cc08) thrown at [/HUDSON/workspace/8-2-build-macosx-x86_64/jdk8u5/2488/hotspot/src/share/vm/prims/jvm.cpp, line 1248]
Event: 46.296 Thread 0x00007f83739cb000 Exception <a 'java/lang/ClassNotFoundException': liquibase/snapshot/DatabaseSnapshotGeneratorFactoryCustomizer> (0x00000007b615db38) thrown at [/HUDSON/workspace/8-2-build-macosx-x86_64/jdk8u5/2488/hotspot/src/share/vm/classfile/systemDictionary.cpp, line
Event: 46.308 Thread 0x00007f83739cb000 Exception <a 'java/security/PrivilegedActionException'> (0x00000007b640d448) thrown at [/HUDSON/workspace/8-2-build-macosx-x86_64/jdk8u5/2488/hotspot/src/share/vm/prims/jvm.cpp, line 1248]
Event: 46.308 Thread 0x00007f83739cb000 Exception <a 'java/security/PrivilegedActionException'> (0x00000007b64116e8) thrown at [/HUDSON/workspace/8-2-build-macosx-x86_64/jdk8u5/2488/hotspot/src/share/vm/prims/jvm.cpp, line 1248]

Events (10 events):
Event: 46.294 loading class liquibase/snapshot/DatabaseSnapshotGeneratorFactoryBeanInfo
Event: 46.294 loading class liquibase/snapshot/DatabaseSnapshotGeneratorFactoryBeanInfo done
Event: 46.294 loading class liquibase/snapshot/DatabaseSnapshotGeneratorFactoryCustomizer
Event: 46.294 loading class liquibase/snapshot/DatabaseSnapshotGeneratorFactoryCustomizer done
Event: 46.295 loading class liquibase/snapshot/DatabaseSnapshotGeneratorFactoryCustomizer
Event: 46.295 loading class liquibase/snapshot/DatabaseSnapshotGeneratorFactoryCustomizer done
Event: 46.296 loading class liquibase/snapshot/DatabaseSnapshotGeneratorFactoryCustomizer
Event: 46.296 loading class liquibase/snapshot/DatabaseSnapshotGeneratorFactoryCustomizer done
Event: 46.308 loading class grails/plugin/databasemigration/GormDatabaseSnapshotGenerator
Event: 46.308 loading class grails/plugin/databasemigration/GormDatabaseSnapshotGenerator done


Dynamic libraries:
0x0000000002d3e000 	/System/Library/Frameworks/Cocoa.framework/Versions/A/Cocoa
0x0000000002d3e000 	/System/Library/Frameworks/Security.framework/Versions/A/Security
0x0000000002d3e000 	/System/Library/Frameworks/ApplicationServices.framework/Versions/A/ApplicationServices
0x0000000002d3e000 	/usr/lib/libz.1.dylib
0x0000000002d3e000 	/usr/lib/libSystem.B.dylib
0x0000000002d3e000 	/usr/lib/libobjc.A.dylib
0x0000000002d3e000 	/System/Library/Frameworks/CoreFoundation.framework/Versions/A/CoreFoundation
0x0000000002d3e000 	/System/Library/Frameworks/Foundation.framework/Versions/C/Foundation
0x0000000002d3e000 	/System/Library/Frameworks/AppKit.framework/Versions/C/AppKit
0x0000000002d3e000 	/System/Library/Frameworks/CoreData.framework/Versions/A/CoreData
0x0000000002d3e000 	/System/Library/PrivateFrameworks/RemoteViewServices.framework/Versions/A/RemoteViewServices
0x0000000002d3e000 	/System/Library/Frameworks/AudioToolbox.framework/Versions/A/AudioToolbox
0x0000000002d3e000 	/System/Library/Frameworks/AudioUnit.framework/Versions/A/AudioUnit
0x0000000002d3e000 	/System/Library/PrivateFrameworks/DataDetectorsCore.framework/Versions/A/DataDetectorsCore
0x0000000002d3e000 	/System/Library/PrivateFrameworks/DesktopServicesPriv.framework/Versions/A/DesktopServicesPriv
0x0000000002d3e000 	/System/Library/Frameworks/Carbon.framework/Versions/A/Frameworks/HIToolbox.framework/Versions/A/HIToolbox
0x0000000002d3e000 	/System/Library/Frameworks/QuartzCore.framework/Versions/A/QuartzCore
0x0000000002d3e000 	/System/Library/Frameworks/Carbon.framework/Versions/A/Frameworks/SpeechRecognition.framework/Versions/A/SpeechRecognition
0x0000000002d3e000 	/usr/lib/libauto.dylib
0x0000000002d3e000 	/usr/lib/libicucore.A.dylib
0x0000000002d3e000 	/usr/lib/libxml2.2.dylib
0x0000000002d3e000 	/System/Library/PrivateFrameworks/CoreUI.framework/Versions/A/CoreUI
0x0000000002d3e000 	/System/Library/Frameworks/CoreAudio.framework/Versions/A/CoreAudio
0x0000000002d3e000 	/System/Library/Frameworks/DiskArbitration.framework/Versions/A/DiskArbitration
0x0000000002d3e000 	/usr/lib/liblangid.dylib
0x0000000002d3e000 	/System/Library/PrivateFrameworks/MultitouchSupport.framework/Versions/A/MultitouchSupport
0x0000000002d3e000 	/System/Library/Frameworks/IOKit.framework/Versions/A/IOKit
0x0000000002d3e000 	/usr/lib/libDiagnosticMessagesClient.dylib
0x0000000002d3e000 	/System/Library/Frameworks/CoreServices.framework/Versions/A/CoreServices
0x0000000002d3e000 	/System/Library/PrivateFrameworks/PerformanceAnalysis.framework/Versions/A/PerformanceAnalysis
0x0000000002d3e000 	/System/Library/PrivateFrameworks/GenerationalStorage.framework/Versions/A/GenerationalStorage
0x0000000002d3e000 	/System/Library/Frameworks/OpenGL.framework/Versions/A/OpenGL
0x0000000002d3e000 	/System/Library/PrivateFrameworks/Sharing.framework/Versions/A/Sharing
0x0000000002d3e000 	/System/Library/Frameworks/ImageIO.framework/Versions/A/ImageIO
0x0000000002d3e000 	/System/Library/Frameworks/CoreText.framework/Versions/A/CoreText
0x0000000002d3e000 	/System/Library/Frameworks/CoreGraphics.framework/Versions/A/CoreGraphics
0x0000000002d3e000 	/System/Library/PrivateFrameworks/Backup.framework/Versions/A/Backup
0x0000000002d3e000 	/System/Library/Frameworks/CFNetwork.framework/Versions/A/CFNetwork
0x0000000002d3e000 	/System/Library/Frameworks/SystemConfiguration.framework/Versions/A/SystemConfiguration
0x0000000002d3e000 	/usr/lib/libCRFSuite.dylib
0x0000000002d3e000 	/usr/lib/libc++.1.dylib
0x0000000002d3e000 	/usr/lib/libc++abi.dylib
0x0000000002d3e000 	/usr/lib/system/libcache.dylib
0x0000000002d3e000 	/usr/lib/system/libcommonCrypto.dylib
0x0000000002d3e000 	/usr/lib/system/libcompiler_rt.dylib
0x0000000002d3e000 	/usr/lib/system/libcopyfile.dylib
0x0000000002d3e000 	/usr/lib/system/libcorecrypto.dylib
0x0000000002d3e000 	/usr/lib/system/libdispatch.dylib
0x0000000002d3e000 	/usr/lib/system/libdyld.dylib
0x0000000002d3e000 	/usr/lib/system/libkeymgr.dylib
0x0000000002d3e000 	/usr/lib/system/liblaunch.dylib
0x0000000002d3e000 	/usr/lib/system/libmacho.dylib
0x0000000002d3e000 	/usr/lib/system/libquarantine.dylib
0x0000000002d3e000 	/usr/lib/system/libremovefile.dylib
0x0000000002d3e000 	/usr/lib/system/libsystem_asl.dylib
0x0000000002d3e000 	/usr/lib/system/libsystem_blocks.dylib
0x0000000002d3e000 	/usr/lib/system/libsystem_c.dylib
0x0000000002d3e000 	/usr/lib/system/libsystem_configuration.dylib
0x0000000002d3e000 	/usr/lib/system/libsystem_dnssd.dylib
0x0000000002d3e000 	/usr/lib/system/libsystem_info.dylib
0x0000000002d3e000 	/usr/lib/system/libsystem_kernel.dylib
0x0000000002d3e000 	/usr/lib/system/libsystem_m.dylib
0x0000000002d3e000 	/usr/lib/system/libsystem_malloc.dylib
0x0000000002d3e000 	/usr/lib/system/libsystem_network.dylib
0x0000000002d3e000 	/usr/lib/system/libsystem_notify.dylib
0x0000000002d3e000 	/usr/lib/system/libsystem_platform.dylib
0x0000000002d3e000 	/usr/lib/system/libsystem_pthread.dylib
0x0000000002d3e000 	/usr/lib/system/libsystem_sandbox.dylib
0x0000000002d3e000 	/usr/lib/system/libsystem_stats.dylib
0x0000000002d3e000 	/usr/lib/system/libunc.dylib
0x0000000002d3e000 	/usr/lib/system/libunwind.dylib
0x0000000002d3e000 	/usr/lib/system/libxpc.dylib
0x0000000002d3e000 	/usr/lib/libbsm.0.dylib
0x0000000002d3e000 	/usr/lib/libsqlite3.dylib
0x0000000002d3e000 	/usr/lib/libxar.1.dylib
0x0000000002d3e000 	/usr/lib/libpam.2.dylib
0x0000000002d3e000 	/usr/lib/libOpenScriptingUtil.dylib
0x0000000002d3e000 	/usr/lib/libbz2.1.0.dylib
0x0000000002d3e000 	/System/Library/Frameworks/CoreServices.framework/Versions/A/Frameworks/CarbonCore.framework/Versions/A/CarbonCore
0x0000000002d3e000 	/System/Library/Frameworks/CoreServices.framework/Versions/A/Frameworks/Metadata.framework/Versions/A/Metadata
0x0000000002d3e000 	/System/Library/Frameworks/CoreServices.framework/Versions/A/Frameworks/OSServices.framework/Versions/A/OSServices
0x0000000002d3e000 	/System/Library/Frameworks/CoreServices.framework/Versions/A/Frameworks/SearchKit.framework/Versions/A/SearchKit
0x0000000002d3e000 	/System/Library/Frameworks/CoreServices.framework/Versions/A/Frameworks/AE.framework/Versions/A/AE
0x0000000002d3e000 	/System/Library/Frameworks/CoreServices.framework/Versions/A/Frameworks/LaunchServices.framework/Versions/A/LaunchServices
0x0000000002d3e000 	/System/Library/Frameworks/CoreServices.framework/Versions/A/Frameworks/DictionaryServices.framework/Versions/A/DictionaryServices
0x0000000002d3e000 	/System/Library/Frameworks/NetFS.framework/Versions/A/NetFS
0x0000000002d3e000 	/usr/lib/system/libkxld.dylib
0x0000000002d3e000 	/System/Library/PrivateFrameworks/NetAuth.framework/Versions/A/NetAuth
0x0000000002d3e000 	/System/Library/PrivateFrameworks/TCC.framework/Versions/A/TCC
0x0000000002d3e000 	/System/Library/Frameworks/OpenDirectory.framework/Versions/A/Frameworks/CFOpenDirectory.framework/Versions/A/CFOpenDirectory
0x0000000002d3e000 	/System/Library/Frameworks/ServiceManagement.framework/Versions/A/ServiceManagement
0x0000000002d3e000 	/usr/lib/libxslt.1.dylib
0x0000000002d3e000 	/System/Library/Frameworks/Carbon.framework/Versions/A/Frameworks/Ink.framework/Versions/A/Ink
0x0000000002d3e000 	/System/Library/Frameworks/ApplicationServices.framework/Versions/A/Frameworks/ATS.framework/Versions/A/ATS
0x0000000002d3e000 	/System/Library/Frameworks/ApplicationServices.framework/Versions/A/Frameworks/ColorSync.framework/Versions/A/ColorSync
0x0000000002d3e000 	/System/Library/Frameworks/ApplicationServices.framework/Versions/A/Frameworks/HIServices.framework/Versions/A/HIServices
0x0000000002d3e000 	/System/Library/Frameworks/ApplicationServices.framework/Versions/A/Frameworks/LangAnalysis.framework/Versions/A/LangAnalysis
0x0000000002d3e000 	/System/Library/Frameworks/ApplicationServices.framework/Versions/A/Frameworks/PrintCore.framework/Versions/A/PrintCore
0x0000000002d3e000 	/System/Library/Frameworks/ApplicationServices.framework/Versions/A/Frameworks/QD.framework/Versions/A/QD
0x0000000002d3e000 	/System/Library/Frameworks/ApplicationServices.framework/Versions/A/Frameworks/SpeechSynthesis.framework/Versions/A/SpeechSynthesis
0x0000000002d3e000 	/System/Library/Frameworks/IOSurface.framework/Versions/A/IOSurface
0x0000000002d3e000 	/System/Library/Frameworks/Accelerate.framework/Versions/A/Accelerate
0x0000000002d3e000 	/System/Library/Frameworks/Accelerate.framework/Versions/A/Frameworks/vImage.framework/Versions/A/vImage
0x0000000002d3e000 	/System/Library/Frameworks/Accelerate.framework/Versions/A/Frameworks/vecLib.framework/Versions/A/vecLib
0x0000000002d3e000 	/System/Library/Frameworks/Accelerate.framework/Versions/A/Frameworks/vecLib.framework/Versions/A/libvDSP.dylib
0x0000000002d3e000 	/System/Library/Frameworks/Accelerate.framework/Versions/A/Frameworks/vecLib.framework/Versions/A/libvMisc.dylib
0x0000000002d3e000 	/System/Library/Frameworks/Accelerate.framework/Versions/A/Frameworks/vecLib.framework/Versions/A/libLAPACK.dylib
0x0000000002d3e000 	/System/Library/Frameworks/Accelerate.framework/Versions/A/Frameworks/vecLib.framework/Versions/A/libBLAS.dylib
0x0000000002d3e000 	/System/Library/Frameworks/ApplicationServices.framework/Versions/A/Frameworks/ATS.framework/Versions/A/Resources/libFontParser.dylib
0x0000000002d3e000 	/System/Library/Frameworks/ApplicationServices.framework/Versions/A/Frameworks/ATS.framework/Versions/A/Resources/libFontRegistry.dylib
0x0000000002d3e000 	/System/Library/Frameworks/ImageIO.framework/Versions/A/Resources/libJPEG.dylib
0x0000000002d3e000 	/System/Library/Frameworks/ImageIO.framework/Versions/A/Resources/libTIFF.dylib
0x0000000002d3e000 	/System/Library/Frameworks/ImageIO.framework/Versions/A/Resources/libPng.dylib
0x0000000002d3e000 	/System/Library/Frameworks/ImageIO.framework/Versions/A/Resources/libGIF.dylib
0x0000000002d3e000 	/System/Library/Frameworks/ImageIO.framework/Versions/A/Resources/libJP2.dylib
0x0000000002d3e000 	/System/Library/Frameworks/ImageIO.framework/Versions/A/Resources/libRadiance.dylib
0x0000000002d3e000 	/usr/lib/libcups.2.dylib
0x0000000002d3e000 	/System/Library/Frameworks/Kerberos.framework/Versions/A/Kerberos
0x0000000002d3e000 	/System/Library/Frameworks/GSS.framework/Versions/A/GSS
0x0000000002d3e000 	/usr/lib/libresolv.9.dylib
0x0000000002d3e000 	/usr/lib/libiconv.2.dylib
0x0000000002d3e000 	/System/Library/PrivateFrameworks/Heimdal.framework/Versions/A/Heimdal
0x0000000002d3e000 	/System/Library/PrivateFrameworks/TrustEvaluationAgent.framework/Versions/A/TrustEvaluationAgent
0x0000000002d3e000 	/usr/lib/libheimdal-asn1.dylib
0x0000000002d3e000 	/System/Library/Frameworks/OpenDirectory.framework/Versions/A/OpenDirectory
0x0000000002d3e000 	/System/Library/PrivateFrameworks/CommonAuth.framework/Versions/A/CommonAuth
0x0000000002d3e000 	/System/Library/Frameworks/SecurityFoundation.framework/Versions/A/SecurityFoundation
0x0000000002d3e000 	/System/Library/PrivateFrameworks/Bom.framework/Versions/A/Bom
0x0000000002d3e000 	/System/Library/Frameworks/CoreVideo.framework/Versions/A/CoreVideo
0x0000000002d3e000 	/System/Library/Frameworks/QuartzCore.framework/Versions/A/Frameworks/CoreImage.framework/Versions/A/CoreImage
0x0000000002d3e000 	/System/Library/Frameworks/QuartzCore.framework/Versions/A/Frameworks/ScalableUserInterface.framework/Versions/A/ScalableUserInterface
0x0000000002d3e000 	/System/Library/Frameworks/OpenGL.framework/Versions/A/Libraries/libGLU.dylib
0x0000000002d3e000 	/System/Library/Frameworks/OpenGL.framework/Versions/A/Libraries/libGFXShared.dylib
0x0000000002d3e000 	/System/Library/Frameworks/OpenGL.framework/Versions/A/Libraries/libGL.dylib
0x0000000002d3e000 	/System/Library/Frameworks/OpenGL.framework/Versions/A/Libraries/libGLImage.dylib
0x0000000002d3e000 	/System/Library/Frameworks/OpenGL.framework/Versions/A/Libraries/libCVMSPluginSupport.dylib
0x0000000002d3e000 	/System/Library/Frameworks/OpenGL.framework/Versions/A/Libraries/libCoreVMClient.dylib
0x0000000002d3e000 	/System/Library/PrivateFrameworks/FaceCore.framework/Versions/A/FaceCore
0x0000000002d3e000 	/System/Library/PrivateFrameworks/CrashReporterSupport.framework/Versions/A/CrashReporterSupport
0x0000000002d3e000 	/System/Library/Frameworks/OpenCL.framework/Versions/A/OpenCL
0x0000000002d3e000 	/System/Library/PrivateFrameworks/AppleFSCompression.framework/Versions/A/AppleFSCompression
0x0000000002d3e000 	/System/Library/PrivateFrameworks/Ubiquity.framework/Versions/A/Ubiquity
0x0000000002d3e000 	/System/Library/PrivateFrameworks/IconServices.framework/Versions/A/IconServices
0x0000000002d3e000 	/System/Library/PrivateFrameworks/ChunkingLibrary.framework/Versions/A/ChunkingLibrary
0x0000000002d3e000 	/System/Library/PrivateFrameworks/CoreSymbolication.framework/Versions/A/CoreSymbolication
0x0000000002d3e000 	/System/Library/PrivateFrameworks/Symbolication.framework/Versions/A/Symbolication
0x0000000002d3e000 	/System/Library/PrivateFrameworks/DebugSymbols.framework/Versions/A/DebugSymbols
0x0000000101788000 	/Library/Java/JavaVirtualMachines/jdk1.8.0_05.jdk/Contents/Home/jre/lib/server/libjvm.dylib
0x0000000002d3e000 	/usr/lib/libstdc++.6.dylib
0x0000000102761000 	/Library/Java/JavaVirtualMachines/jdk1.8.0_05.jdk/Contents/Home/jre/lib/libverify.dylib
0x000000010276f000 	/Library/Java/JavaVirtualMachines/jdk1.8.0_05.jdk/Contents/Home/jre/lib/libjava.dylib
0x00000001027a4000 	/Library/Java/JavaVirtualMachines/jdk1.8.0_05.jdk/Contents/Home/jre/lib/libinstrument.dylib
0x0000000102c08000 	/Library/Java/JavaVirtualMachines/jdk1.8.0_05.jdk/Contents/Home/jre/lib/libzip.dylib
0x0000000115553000 	/System/Library/Frameworks/JavaVM.framework/Frameworks/JavaRuntimeSupport.framework/JavaRuntimeSupport
0x000000011556b000 	/System/Library/Frameworks/JavaVM.framework/Versions/A/Frameworks/JavaNativeFoundation.framework/Versions/A/JavaNativeFoundation
0x0000000115580000 	/System/Library/Frameworks/JavaVM.framework/Versions/A/JavaVM
0x0000000002d3e000 	/System/Library/Frameworks/Carbon.framework/Versions/A/Carbon
0x000000011558d000 	/System/Library/PrivateFrameworks/JavaLaunching.framework/Versions/A/JavaLaunching
0x0000000002d3e000 	/System/Library/Frameworks/Carbon.framework/Versions/A/Frameworks/CommonPanels.framework/Versions/A/CommonPanels
0x0000000002d3e000 	/System/Library/Frameworks/Carbon.framework/Versions/A/Frameworks/Help.framework/Versions/A/Help
0x0000000002d3e000 	/System/Library/Frameworks/Carbon.framework/Versions/A/Frameworks/ImageCapture.framework/Versions/A/ImageCapture
0x0000000002d3e000 	/System/Library/Frameworks/Carbon.framework/Versions/A/Frameworks/OpenScripting.framework/Versions/A/OpenScripting
0x0000000002d3e000 	/System/Library/Frameworks/Carbon.framework/Versions/A/Frameworks/Print.framework/Versions/A/Print
0x0000000002d3e000 	/System/Library/Frameworks/Carbon.framework/Versions/A/Frameworks/SecurityHI.framework/Versions/A/SecurityHI
0x0000000115e23000 	/private/var/folders/sy/yqff3dz90s545vd9qdkc2dbw0000gp/T/libjansi-64-4033657252522817012.jnilib
0x0000000116703000 	/Library/Java/JavaVirtualMachines/jdk1.8.0_05.jdk/Contents/Home/jre/lib/libnet.dylib
0x0000000116719000 	/Library/Java/JavaVirtualMachines/jdk1.8.0_05.jdk/Contents/Home/jre/lib/libmanagement.dylib
0x0000000116726000 	/Library/Java/JavaVirtualMachines/jdk1.8.0_05.jdk/Contents/Home/jre/lib/libnio.dylib

VM Arguments:
jvm_args: -Dfile.encoding=UTF-8 -Xmx768M -Xms64M -Dgrails.fork.parent.process.port=50336 -Dgrails.fork.active=true -Dgrails.build.execution.context=/private/var/folders/sy/yqff3dz90s545vd9qdkc2dbw0000gp/T/com.portfolioaware.k2749549027339994703grails-execution-context -Dgrails.home=/Users/Miles/.gvm/grails/2.4.2 -javaagent:/Users/Miles/.gvm/grails/2.4.2/lib/org.springframework/springloaded/jars/springloaded-1.2.0.RELEASE.jar -Xverify:none -Dspringloaded.synchronize=true -Djdk.reflect.allowGetCallerClass=true -Dspringloaded=profile=grails;cacheDir=/Users/Miles/.grails/2.4.2 
java_command: org.grails.plugins.tomcat.fork.ForkedTomcatServer
java_class_path (initial): /Library/Java/JavaVirtualMachines/jdk1.8.0_05.jdk/Contents/Home/lib/tools.jar:/Users/Miles/.gvm/grails/2.4.2/lib/org.codehaus.groovy/groovy-all/jars/groovy-all-2.3.3.jar:/Users/Miles/.gvm/grails/2.4.2/lib/org.slf4j/jcl-over-slf4j/jars/jcl-over-slf4j-1.7.5.jar:/Users/Miles/.gvm/grails/2.4.2/lib/org.codehaus.gant/gant_groovy1.8/jars/gant_groovy1.8-1.9.6.jar:/Users/Miles/.gvm/grails/2.4.2/lib/org.apache.tomcat.embed/tomcat-embed-logging-log4j/jars/tomcat-embed-logging-log4j-7.0.50.jar:/Users/Miles/.gvm/grails/2.4.2/dist/grails-plugin-log4j-2.4.2.jar:/Users/Miles/.gvm/grails/2.4.2/lib/log4j/log4j/jars/log4j-1.2.17.jar:/Users/Miles/.gvm/grails/2.4.2/dist/grails-bootstrap-2.4.2.jar:/Users/Miles/.gvm/grails/2.4.2/lib/org.slf4j/slf4j-api/jars/slf4j-api-1.7.5.jar:/Users/Miles/.gvm/grails/2.4.2/lib/jline/jline/jars/jline-2.12.jar:/Users/Miles/.gvm/grails/2.4.2/lib/org.apache.ant/ant/jars/ant-1.8.4.jar:/Users/Miles/.gvm/grails/2.4.2/lib/org.apache.ant/ant-launcher/jars/ant-launcher-1.8.4.jar:/Users/Miles/.gvm/grails/2.4.2/lib/org.apache.ant/ant-trax/jars/ant-trax-1.7.1.jar:/Users/Miles/.gvm/grails/2.4.2/lib/org.apache.ant/ant-junit/jars/ant-junit-1.8.4.jar:/Users/Miles/.gvm/grails/2.4.2/lib/org.apache.ivy/ivy/jars/ivy-2.3.0.jar:/Users/Miles/.gvm/grails/2.4.2/lib/org.fusesource.jansi/jansi/jars/jansi-1.11.jar:/Users/Miles/.m2/repository/org/apache/tomcat/tomcat-catalina-ant/7.0.53/tomcat-catalina-ant-7.0.53.jar:/Users/Miles/.m2/repository/org/apache/tomcat/embed/tomcat-embed-logging-log4j/7.0.53/tomcat-embed-logging-log4j-7.0.53.jar:/Users/Miles/.m2/repository/org/apache/tomcat/embed/tomcat-embed-el/7.0.53/tomcat-embed-el-7.0.53.jar:/Users/Miles/.m2/repository/org/eclipse/jdt/core/compiler/ecj/3.7.2/ecj-3.7.2.jar:/Users/Miles/.m2/repository/org/apache/tomcat/embed/tomcat-embed-core/7.0.53/tomcat-embed-core-7.0.53.jar:/Users/Miles/PortfolioK/com.portfolioaware.k/target/work/plugins/tomcat-7.0.54/grails-plugin-tomcat-7.0.54.jar:/Users/Miles/.m2/reposi
Launcher Type: SUN_STANDARD

Environment Variables:
JAVA_HOME=/Library/Java/JavaVirtualMachines/jdk1.8.0_05.jdk/Contents/Home
PATH=/Users/Miles/.gvm/vertx/current/bin:/Users/Miles/.gvm/springboot/current/bin:/Users/Miles/.gvm/lazybones/current/bin:/Users/Miles/.gvm/groovyserv/current/bin:/Users/Miles/.gvm/groovy/current/bin:/Users/Miles/.gvm/griffon/current/bin:/Users/Miles/.gvm/grails/2.4.2/bin:/Users/Miles/.gvm/gradle/current/bin:/Users/Miles/.gvm/glide/current/bin:/Users/Miles/.gvm/gaiden/current/bin:/Users/Miles/.gvm/crash/current/bin:/Users/Miles/TcatServer7/bin:/usr/bin:/bin:/usr/sbin:/sbin:/usr/local/bin:/opt/X11/bin:/usr/local/git/bin:/users/Miles/grails/grails-2.4.2/bin:/Library/Java/JavaVirtualMachines/jdk1.8.0_05.jdk/Contents/Home/bin
SHELL=/bin/bash
DISPLAY=/tmp/launch-dQO9Xn/org.macosforge.xquartz:0

Signal Handlers:
SIGSEGV: [libjvm.dylib+0x55f7df], sa_mask[0]=0xfffefeff, sa_flags=0x00000043
SIGBUS: [libjvm.dylib+0x55f7df], sa_mask[0]=0xfffefeff, sa_flags=0x00000042
SIGFPE: [libjvm.dylib+0x442cfa], sa_mask[0]=0xfffefeff, sa_flags=0x00000042
SIGPIPE: [libjvm.dylib+0x442cfa], sa_mask[0]=0xfffefeff, sa_flags=0x00000042
SIGXFSZ: [libjvm.dylib+0x442cfa], sa_mask[0]=0xfffefeff, sa_flags=0x00000042
SIGILL: [libjvm.dylib+0x442cfa], sa_mask[0]=0xfffefeff, sa_flags=0x00000042
SIGUSR1: SIG_DFL, sa_mask[0]=0x63807efb, sa_flags=0x00000000
SIGUSR2: [libjvm.dylib+0x442818], sa_mask[0]=0x00000004, sa_flags=0x00000042
SIGHUP: [libjvm.dylib+0x440ba5], sa_mask[0]=0xfffefeff, sa_flags=0x00000042
SIGINT: [libjvm.dylib+0x440ba5], sa_mask[0]=0xfffefeff, sa_flags=0x00000042
SIGTERM: [libjvm.dylib+0x440ba5], sa_mask[0]=0xfffefeff, sa_flags=0x00000042
SIGQUIT: [libjvm.dylib+0x440ba5], sa_mask[0]=0xfffefeff, sa_flags=0x00000042


---------------  S Y S T E M  ---------------

OS:Bsduname:Darwin 13.3.0 Darwin Kernel Version 13.3.0: Tue Jun  3 21:27:35 PDT 2014; root:xnu-2422.110.17~1/RELEASE_X86_64 x86_64
rlimit: STACK 8192k, CORE 0k, NPROC 709, NOFILE 10240, AS infinity
load average:3.57 3.53 3.58

CPU:total 2 (2 cores per cpu, 1 threads per core) family 6 model 23 stepping 10, cmov, cx8, fxsr, mmx, sse, sse2, sse3, ssse3, sse4.1, tsc

Memory: 4k page, physical 4194304k(12720k free)

/proc/meminfo:


vm_info: Java HotSpot(TM) 64-Bit Server VM (25.5-b02) for bsd-amd64 JRE (1.8.0_05-b13), built on Mar 18 2014 00:36:13 by "java_re" with gcc 4.2.1 (Based on Apple Inc. build 5658) (LLVM build 2336.11.00)

time: Wed Sep 24 19:51:01 2014
elapsed time: 46 seconds

